2016-04-05 21:15:39.125+0000 INFO  [o.n.k.InternalAbstractGraphDatabase]: No locking implementation specified, defaulting to 'community'
2016-04-05 21:15:39.173+0000 INFO  [o.n.k.i.DiagnosticsManager]: --- INITIALIZED diagnostics START ---
2016-04-05 21:15:39.173+0000 INFO  [o.n.k.i.DiagnosticsManager]: Neo4j Kernel properties:
2016-04-05 21:15:39.175+0000 INFO  [o.n.k.i.DiagnosticsManager]: store_dir=contextmap.db
2016-04-05 21:15:39.175+0000 INFO  [o.n.k.i.DiagnosticsManager]: ephemeral=false
2016-04-05 21:15:39.176+0000 INFO  [o.n.k.i.DiagnosticsManager]: Diagnostics providers:
2016-04-05 21:15:39.176+0000 INFO  [o.n.k.i.DiagnosticsManager]: org.neo4j.kernel.configuration.Config
2016-04-05 21:15:39.176+0000 INFO  [o.n.k.i.DiagnosticsManager]: org.neo4j.kernel.info.DiagnosticsManager
2016-04-05 21:15:39.176+0000 INFO  [o.n.k.i.DiagnosticsManager]: SYSTEM_MEMORY
2016-04-05 21:15:39.176+0000 INFO  [o.n.k.i.DiagnosticsManager]: JAVA_MEMORY
2016-04-05 21:15:39.176+0000 INFO  [o.n.k.i.DiagnosticsManager]: OPERATING_SYSTEM
2016-04-05 21:15:39.179+0000 INFO  [o.n.k.i.DiagnosticsManager]: JAVA_VIRTUAL_MACHINE
2016-04-05 21:15:39.180+0000 INFO  [o.n.k.i.DiagnosticsManager]: CLASSPATH
2016-04-05 21:15:39.180+0000 INFO  [o.n.k.i.DiagnosticsManager]: LIBRARY_PATH
2016-04-05 21:15:39.180+0000 INFO  [o.n.k.i.DiagnosticsManager]: SYSTEM_PROPERTIES
2016-04-05 21:15:39.180+0000 INFO  [o.n.k.i.DiagnosticsManager]: LINUX_SCHEDULERS
2016-04-05 21:15:39.180+0000 INFO  [o.n.k.i.DiagnosticsManager]: NETWORK
2016-04-05 21:15:39.180+0000 INFO  [o.n.k.i.DiagnosticsManager]: System memory information:
2016-04-05 21:15:39.181+0000 INFO  [o.n.k.i.DiagnosticsManager]: Total Physical memory: 7.74 GB
2016-04-05 21:15:39.181+0000 INFO  [o.n.k.i.DiagnosticsManager]: Free Physical memory: 134.73 MB
2016-04-05 21:15:39.182+0000 INFO  [o.n.k.i.DiagnosticsManager]: Committed virtual memory: 5.01 GB
2016-04-05 21:15:39.182+0000 INFO  [o.n.k.i.DiagnosticsManager]: Total swap space: 976.00 MB
2016-04-05 21:15:39.182+0000 INFO  [o.n.k.i.DiagnosticsManager]: Free swap space: 255.39 MB
2016-04-05 21:15:39.182+0000 INFO  [o.n.k.i.DiagnosticsManager]: JVM memory information:
2016-04-05 21:15:39.182+0000 INFO  [o.n.k.i.DiagnosticsManager]: Free  memory: 91.09 MB
2016-04-05 21:15:39.182+0000 INFO  [o.n.k.i.DiagnosticsManager]: Total memory: 150.00 MB
2016-04-05 21:15:39.182+0000 INFO  [o.n.k.i.DiagnosticsManager]: Max   memory: 1.72 GB
2016-04-05 21:15:39.183+0000 INFO  [o.n.k.i.DiagnosticsManager]: Garbage Collector: PS Scavenge: [PS Eden Space, PS Survivor Space]
2016-04-05 21:15:39.183+0000 INFO  [o.n.k.i.DiagnosticsManager]: Garbage Collector: PS MarkSweep: [PS Eden Space, PS Survivor Space, PS Old Gen]
2016-04-05 21:15:39.183+0000 INFO  [o.n.k.i.DiagnosticsManager]: Memory Pool: Code Cache (Non-heap memory): committed=7.38 MB, used=7.31 MB, max=240.00 MB, threshold=0.00 B
2016-04-05 21:15:39.183+0000 INFO  [o.n.k.i.DiagnosticsManager]: Memory Pool: Metaspace (Non-heap memory): committed=20.13 MB, used=19.71 MB, max=-1.00 B, threshold=0.00 B
2016-04-05 21:15:39.183+0000 INFO  [o.n.k.i.DiagnosticsManager]: Memory Pool: Compressed Class Space (Non-heap memory): committed=2.63 MB, used=2.56 MB, max=1.00 GB, threshold=0.00 B
2016-04-05 21:15:39.184+0000 INFO  [o.n.k.i.DiagnosticsManager]: Memory Pool: PS Eden Space (Heap memory): committed=62.00 MB, used=21.56 MB, max=628.50 MB, threshold=?
2016-04-05 21:15:39.184+0000 INFO  [o.n.k.i.DiagnosticsManager]: Memory Pool: PS Survivor Space (Heap memory): committed=5.00 MB, used=4.98 MB, max=5.00 MB, threshold=?
2016-04-05 21:15:39.184+0000 INFO  [o.n.k.i.DiagnosticsManager]: Memory Pool: PS Old Gen (Heap memory): committed=83.00 MB, used=32.37 MB, max=1.29 GB, threshold=0.00 B
2016-04-05 21:15:39.184+0000 INFO  [o.n.k.i.DiagnosticsManager]: Operating system information:
2016-04-05 21:15:39.184+0000 INFO  [o.n.k.i.DiagnosticsManager]: Operating System: Linux; version: 3.13.0-24-generic; arch: amd64; cpus: 8
2016-04-05 21:15:39.184+0000 INFO  [o.n.k.i.DiagnosticsManager]: Max number of file descriptors: 4096
2016-04-05 21:15:39.185+0000 INFO  [o.n.k.i.DiagnosticsManager]: Number of open file descriptors: 80
2016-04-05 21:15:39.185+0000 INFO  [o.n.k.i.DiagnosticsManager]: Process id: 15195@groundcontrol
2016-04-05 21:15:39.185+0000 INFO  [o.n.k.i.DiagnosticsManager]: Byte order: LITTLE_ENDIAN
2016-04-05 21:15:39.185+0000 INFO  [o.n.k.i.DiagnosticsManager]: Local timezone: Europe/Zurich
2016-04-05 21:15:39.185+0000 INFO  [o.n.k.i.DiagnosticsManager]: JVM information:
2016-04-05 21:15:39.185+0000 INFO  [o.n.k.i.DiagnosticsManager]: VM Name: Java HotSpot(TM) 64-Bit Server VM
2016-04-05 21:15:39.185+0000 INFO  [o.n.k.i.DiagnosticsManager]: VM Vendor: Oracle Corporation
2016-04-05 21:15:39.185+0000 INFO  [o.n.k.i.DiagnosticsManager]: VM Version: 25.31-b07
2016-04-05 21:15:39.185+0000 INFO  [o.n.k.i.DiagnosticsManager]: JIT compiler: HotSpot 64-Bit Tiered Compilers
2016-04-05 21:15:39.185+0000 INFO  [o.n.k.i.DiagnosticsManager]: VM Arguments: [-Dcom.sun.management.jmxremote, -Dcom.sun.management.jmxremote.port=37432, -Dcom.sun.management.jmxremote.authenticate=false, -Dcom.sun.management.jmxremote.ssl=false, -Dspring.liveBeansView.mbeanDomain, -Dspring.application.admin.enabled=true, -Djava.security.egd=file:/dev/./urandom, -Dfile.encoding=UTF-8]
2016-04-05 21:15:39.185+0000 INFO  [o.n.k.i.DiagnosticsManager]: Java classpath:
2016-04-05 21:15:39.186+0000 INFO  [o.n.k.i.DiagnosticsManager]:  [bootstrap] /opt/jdk1.8.0_31/jre/classes
2016-04-05 21:15:39.186+0000 INFO  [o.n.k.i.DiagnosticsManager]:  [classpath + loader.0] file:/home/dorian/.gradle/caches/modules-2/files-2.1/org.jboss.logging/jboss-logging/3.3.0.Final/3616bb87707910296e2c195dc016287080bba5af/jboss-logging-3.3.0.Final.jar
2016-04-05 21:15:39.186+0000 INFO  [o.n.k.i.DiagnosticsManager]:  [classpath + loader.0] file:/home/dorian/.gradle/caches/modules-2/files-2.1/com.fasterxml/classmate/1.1.0/dbbd699a1486ad0f2ed6f5af6cfed66acacb9056/classmate-1.1.0.jar
2016-04-05 21:15:39.186+0000 INFO  [o.n.k.i.DiagnosticsManager]:  [classpath + loader.0] file:/home/dorian/.gradle/caches/modules-2/files-2.1/javax.validation/validation-api/1.1.0.Final/8613ae82954779d518631e05daa73a6a954817d5/validation-api-1.1.0.Final.jar
2016-04-05 21:15:39.186+0000 INFO  [o.n.k.i.DiagnosticsManager]:  [loader.1] file:/opt/jdk1.8.0_31/jre/lib/ext/sunpkcs11.jar
2016-04-05 21:15:39.186+0000 INFO  [o.n.k.i.DiagnosticsManager]:  [classpath + loader.0] file:/home/dorian/.gradle/caches/modules-2/files-2.1/org.neo4j/neo4j-cypher-compiler-2.1/2.1.8/e53518fb1770c2a8a8d2965488c7ae1365953ef7/neo4j-cypher-compiler-2.1-2.1.8.jar
2016-04-05 21:15:39.186+0000 INFO  [o.n.k.i.DiagnosticsManager]:  [classpath + loader.0] file:/home/dorian/.gradle/caches/modules-2/files-2.1/org.neo4j/neo4j-csv/2.2.5/8d8fc9a40cca111654bf7b8ae90cef3a588f3d48/neo4j-csv-2.2.5.jar
2016-04-05 21:15:39.186+0000 INFO  [o.n.k.i.DiagnosticsManager]:  [classpath + loader.0] file:/home/dorian/.gradle/caches/modules-2/files-2.1/org.slf4j/jul-to-slf4j/1.7.16/2d5b546c5557dcbf08c3a381d7dc9bd275a602c1/jul-to-slf4j-1.7.16.jar
2016-04-05 21:15:39.186+0000 INFO  [o.n.k.i.DiagnosticsManager]:  [classpath + loader.0] file:/home/dorian/.gradle/caches/modules-2/files-2.1/org.springframework.boot/spring-boot-starter-logging/1.3.3.RELEASE/16b395c84f28b947f1c336aa461fda1e662bb3b6/spring-boot-starter-logging-1.3.3.RELEASE.jar
2016-04-05 21:15:39.186+0000 INFO  [o.n.k.i.DiagnosticsManager]:  [classpath + loader.0] file:/home/dorian/.gradle/caches/modules-2/files-2.1/org.springframework/spring-beans/4.2.5.RELEASE/fa992ae40f6fc47117282164e0433b71da385e94/spring-beans-4.2.5.RELEASE.jar
2016-04-05 21:15:39.186+0000 INFO  [o.n.k.i.DiagnosticsManager]:  [classpath + loader.0] file:/home/dorian/.gradle/caches/modules-2/files-2.1/org.springframework.data/spring-data-neo4j/3.4.4.RELEASE/aa977a8a38afc8608e6a28e925b34a4aae69ca8d/spring-data-neo4j-3.4.4.RELEASE.jar
2016-04-05 21:15:39.186+0000 INFO  [o.n.k.i.DiagnosticsManager]:  [classpath + loader.0] file:/home/dorian/.gradle/caches/modules-2/files-2.1/org.neo4j/neo4j-cypher/2.2.5/cf4986962339140844de3cbf839d42fd52bf4ffb/neo4j-cypher-2.2.5.jar
2016-04-05 21:15:39.186+0000 INFO  [o.n.k.i.DiagnosticsManager]:  [classpath + loader.0] file:/home/dorian/.gradle/caches/modules-2/files-2.1/org.neo4j/neo4j-io/2.2.5/d318dfdbf06a43ea1529c92154ad3b8187d8da58/neo4j-io-2.2.5.jar
2016-04-05 21:15:39.186+0000 INFO  [o.n.k.i.DiagnosticsManager]:  [loader.1] file:/opt/jdk1.8.0_31/jre/lib/ext/nashorn.jar
2016-04-05 21:15:39.186+0000 INFO  [o.n.k.i.DiagnosticsManager]:  [classpath + loader.0] file:/home/dorian/.gradle/caches/modules-2/files-2.1/org.parboiled/parboiled-core/1.1.7/a60ff9a54cbeb30ec44c89e16ac4c35913cbad5a/parboiled-core-1.1.7.jar
2016-04-05 21:15:39.186+0000 INFO  [o.n.k.i.DiagnosticsManager]:  [classpath + loader.0] file:/home/dorian/.gradle/caches/modules-2/files-2.1/org.neo4j/neo4j-cypher-dsl/2.0.1/519d317979935773646356ee2f7923090f7d53e8/neo4j-cypher-dsl-2.0.1.jar
2016-04-05 21:15:39.186+0000 INFO  [o.n.k.i.DiagnosticsManager]:  [classpath + loader.0] file:/home/dorian/git/contextmap/bin/
2016-04-05 21:15:39.186+0000 INFO  [o.n.k.i.DiagnosticsManager]:  [classpath + loader.0] file:/home/dorian/.gradle/caches/modules-2/files-2.1/org.slf4j/jcl-over-slf4j/1.7.16/34e48073884704ac987d3d1a1ab9b60e62028a9/jcl-over-slf4j-1.7.16.jar
2016-04-05 21:15:39.186+0000 INFO  [o.n.k.i.DiagnosticsManager]:  [classpath + loader.0] file:/home/dorian/.gradle/caches/modules-2/files-2.1/org.neo4j/neo4j-jmx/2.2.5/ec1f51d8029fe01ea2514aa41dfc1f118f3da93a/neo4j-jmx-2.2.5.jar
2016-04-05 21:15:39.187+0000 INFO  [o.n.k.i.DiagnosticsManager]:  [classpath + loader.0] file:/home/dorian/.gradle/caches/modules-2/files-2.1/org.yaml/snakeyaml/1.16/d64fb662c9e42789149f5078a62a22edda786c6a/snakeyaml-1.16.jar
2016-04-05 21:15:39.187+0000 INFO  [o.n.k.i.DiagnosticsManager]:  [loader.1] file:/opt/jdk1.8.0_31/jre/lib/ext/sunjce_provider.jar
2016-04-05 21:15:39.187+0000 INFO  [o.n.k.i.DiagnosticsManager]:  [classpath + loader.0] file:/home/dorian/.gradle/caches/modules-2/files-2.1/net.sf.opencsv/opencsv/2.3/c23708cdb9e80a144db433e23344a788a1fd6599/opencsv-2.3.jar
2016-04-05 21:15:39.187+0000 INFO  [o.n.k.i.DiagnosticsManager]:  [classpath + loader.0] file:/home/dorian/.gradle/caches/modules-2/files-2.1/org.neo4j/neo4j/2.2.5/1d7eced3e7e07b743379797711bb1076f91a8835/neo4j-2.2.5.jar
2016-04-05 21:15:39.187+0000 INFO  [o.n.k.i.DiagnosticsManager]:  [classpath + loader.0] file:/home/dorian/.gradle/caches/modules-2/files-2.1/org.springframework.data/spring-data-commons/1.11.4.RELEASE/c2b1fd4dbf7dff772d6124bb35892759e8bf088e/spring-data-commons-1.11.4.RELEASE.jar
2016-04-05 21:15:39.187+0000 INFO  [o.n.k.i.DiagnosticsManager]:  [classpath + loader.0] file:/home/dorian/.gradle/caches/modules-2/files-2.1/junit/junit/4.12/2973d150c0dc1fefe998f834810d68f278ea58ec/junit-4.12.jar
2016-04-05 21:15:39.187+0000 INFO  [o.n.k.i.DiagnosticsManager]:  [classpath + loader.0] file:/home/dorian/.gradle/caches/modules-2/files-2.1/org.hibernate/hibernate-validator/5.2.4.Final/fb18766b576aa6632bcfe9a20a023cbd52bf9769/hibernate-validator-5.2.4.Final.jar
2016-04-05 21:15:39.187+0000 INFO  [o.n.k.i.DiagnosticsManager]:  [classpath + loader.0] file:/home/dorian/.gradle/caches/modules-2/files-2.1/org.neo4j/neo4j-graph-matching/2.2.5/2845dc6e08b46ac538846f1d67c3890cf213c0c/neo4j-graph-matching-2.2.5.jar
2016-04-05 21:15:39.187+0000 INFO  [o.n.k.i.DiagnosticsManager]:  [classpath + loader.0] file:/home/dorian/.gradle/caches/modules-2/files-2.1/org.scala-lang/scala-reflect/2.10.5/7392facb48876c67a89fcb086112b195f5f6bbc3/scala-reflect-2.10.5.jar
2016-04-05 21:15:39.187+0000 INFO  [o.n.k.i.DiagnosticsManager]:  [classpath + loader.0] file:/home/dorian/.gradle/caches/modules-2/files-2.1/org.springframework.boot/spring-boot/1.3.3.RELEASE/641cc375499d444e4efbc1801902260daa79758d/spring-boot-1.3.3.RELEASE.jar
2016-04-05 21:15:39.187+0000 INFO  [o.n.k.i.DiagnosticsManager]:  [classpath + loader.0] file:/home/dorian/.gradle/caches/modules-2/files-2.1/org.springframework/spring-tx/4.2.5.RELEASE/7395321fe937272d9b781a13985e04ab2dcd6210/spring-tx-4.2.5.RELEASE.jar
2016-04-05 21:15:39.187+0000 INFO  [o.n.k.i.DiagnosticsManager]:  [classpath + loader.0] file:/home/dorian/.gradle/caches/modules-2/files-2.1/org.springframework/spring-aop/4.2.5.RELEASE/858d6c70909b3ce7e07b59fc936f8ccfcd81c0aa/spring-aop-4.2.5.RELEASE.jar
2016-04-05 21:15:39.187+0000 INFO  [o.n.k.i.DiagnosticsManager]:  [classpath + loader.0] file:/home/dorian/.gradle/caches/modules-2/files-2.1/org.neo4j/neo4j-primitive-collections/2.2.5/a37094d534c81e1ea73c1e3b275bcc823b7e2fa/neo4j-primitive-collections-2.2.5.jar
2016-04-05 21:15:39.187+0000 INFO  [o.n.k.i.DiagnosticsManager]:  [loader.1] file:/opt/jdk1.8.0_31/jre/lib/ext/dnsns.jar
2016-04-05 21:15:39.187+0000 INFO  [o.n.k.i.DiagnosticsManager]:  [classpath + loader.0] file:/home/dorian/.gradle/caches/modules-2/files-2.1/org.scala-lang/scala-library/2.10.5/57ac67a6cf6fd591e235c62f8893438e8d10431d/scala-library-2.10.5.jar
2016-04-05 21:15:39.187+0000 INFO  [o.n.k.i.DiagnosticsManager]:  [classpath + loader.0] file:/home/dorian/.gradle/caches/modules-2/files-2.1/org.springframework/spring-aspects/4.2.5.RELEASE/ed09517441a276db2a7e0e7b60a390c52b8093af/spring-aspects-4.2.5.RELEASE.jar
2016-04-05 21:15:39.187+0000 INFO  [o.n.k.i.DiagnosticsManager]:  [classpath + loader.0] file:/home/dorian/.gradle/caches/modules-2/files-2.1/org.springframework.boot/spring-boot-autoconfigure/1.3.3.RELEASE/e7a4a25f74dac6b335ffabc43e3e8a6e3066340e/spring-boot-autoconfigure-1.3.3.RELEASE.jar
2016-04-05 21:15:39.187+0000 INFO  [o.n.k.i.DiagnosticsManager]:  [classpath + loader.0] file:/home/dorian/.gradle/caches/modules-2/files-2.1/org.neo4j/neo4j-kernel/2.2.5/5e12600bf7cc1d069a994d6670d5c8052997e9bd/neo4j-kernel-2.2.5.jar
2016-04-05 21:15:39.187+0000 INFO  [o.n.k.i.DiagnosticsManager]:  [bootstrap] /opt/jdk1.8.0_31/jre/lib/jfr.jar
2016-04-05 21:15:39.187+0000 INFO  [o.n.k.i.DiagnosticsManager]:  [classpath + loader.0] file:/home/dorian/.gradle/caches/modules-2/files-2.1/ch.qos.logback/logback-classic/1.1.5/92353eb144695bba80b31f7bec4f36d871f230ac/logback-classic-1.1.5.jar
2016-04-05 21:15:39.187+0000 INFO  [o.n.k.i.DiagnosticsManager]:  [classpath + loader.0] file:/home/dorian/.gradle/caches/modules-2/files-2.1/org.neo4j/neo4j-udc/2.2.5/c8e618b7c5275b3d565678894055386fb6b68ed/neo4j-udc-2.2.5.jar
2016-04-05 21:15:39.187+0000 INFO  [o.n.k.i.DiagnosticsManager]:  [classpath + loader.0] file:/home/dorian/.gradle/caches/modules-2/files-2.1/org.neo4j/neo4j-cypher-compiler-2.0/2.0.4/13277d9b4ae208ca1145210488502a80bbf20376/neo4j-cypher-compiler-2.0-2.0.4.jar
2016-04-05 21:15:39.187+0000 INFO  [o.n.k.i.DiagnosticsManager]:  [classpath + loader.0] file:/home/dorian/.gradle/caches/modules-2/files-2.1/org.springframework/spring-expression/4.2.5.RELEASE/a42bdfb833d0be6c18429aea3fb0fba81f85c6e8/spring-expression-4.2.5.RELEASE.jar
2016-04-05 21:15:39.187+0000 INFO  [o.n.k.i.DiagnosticsManager]:  [classpath + loader.0] file:/home/dorian/.gradle/caches/modules-2/files-2.1/org.neo4j/neo4j-cypher-compiler-2.2/2.2.5/e64465cd63064481ef9636dd47bf35fc45bc730b/neo4j-cypher-compiler-2.2-2.2.5.jar
2016-04-05 21:15:39.187+0000 INFO  [o.n.k.i.DiagnosticsManager]:  [classpath + loader.0] file:/home/dorian/.gradle/caches/modules-2/files-2.1/org.apache.lucene/lucene-core/3.6.2/9ec77e2507f9cc01756964c71d91efd8154a8c47/lucene-core-3.6.2.jar
2016-04-05 21:15:39.187+0000 INFO  [o.n.k.i.DiagnosticsManager]:  [classpath + loader.0] file:/home/dorian/.gradle/caches/modules-2/files-2.1/commons-io/commons-io/2.4/b1b6ea3b7e4aa4f492509a4952029cd8e48019ad/commons-io-2.4.jar
2016-04-05 21:15:39.187+0000 INFO  [o.n.k.i.DiagnosticsManager]:  [bootstrap] /opt/jdk1.8.0_31/jre/lib/charsets.jar
2016-04-05 21:15:39.187+0000 INFO  [o.n.k.i.DiagnosticsManager]:  [classpath + loader.0] file:/home/dorian/.gradle/caches/modules-2/files-2.1/javax.transaction/javax.transaction-api/1.2/d81aff979d603edd90dcd8db2abc1f4ce6479e3e/javax.transaction-api-1.2.jar
2016-04-05 21:15:39.187+0000 INFO  [o.n.k.i.DiagnosticsManager]:  [classpath + loader.0] file:/home/dorian/.gradle/caches/modules-2/files-2.1/org.neo4j/neo4j-consistency-check/2.2.5/aa6467323e1bfef2f5653732727b5242e67cf279/neo4j-consistency-check-2.2.5.jar
2016-04-05 21:15:39.187+0000 INFO  [o.n.k.i.DiagnosticsManager]:  [classpath + loader.0] file:/home/dorian/.gradle/caches/modules-2/files-2.1/org.parboiled/parboiled-scala_2.10/1.1.7/c20d486f11cc115c0df2ebc2aefb2773f9f9fb11/parboiled-scala_2.10-1.1.7.jar
2016-04-05 21:15:39.187+0000 INFO  [o.n.k.i.DiagnosticsManager]:  [loader.1] file:/opt/jdk1.8.0_31/jre/lib/ext/localedata.jar
2016-04-05 21:15:39.187+0000 INFO  [o.n.k.i.DiagnosticsManager]:  [classpath + loader.0] file:/home/dorian/.gradle/caches/modules-2/files-2.1/org.springframework/spring-core/4.2.5.RELEASE/251207b29f0f38f61e3495a2f7fb053cf1bfe8c/spring-core-4.2.5.RELEASE.jar
2016-04-05 21:15:39.187+0000 INFO  [o.n.k.i.DiagnosticsManager]:  [bootstrap] /opt/jdk1.8.0_31/jre/lib/rt.jar
2016-04-05 21:15:39.187+0000 INFO  [o.n.k.i.DiagnosticsManager]:  [classpath + loader.0] file:/home/dorian/.gradle/caches/modules-2/files-2.1/org.neo4j/neo4j-lucene-index/2.2.5/6d93fcfc476f6b5d6c422f10fc21be8494b8a054/neo4j-lucene-index-2.2.5.jar
2016-04-05 21:15:39.187+0000 INFO  [o.n.k.i.DiagnosticsManager]:  [classpath + loader.0] file:/home/dorian/.gradle/caches/modules-2/files-2.1/javax.el/javax.el-api/2.2.4/1287562cc3f0ff5439ded6f2949e73ce1c0edaab/javax.el-api-2.2.4.jar
2016-04-05 21:15:39.187+0000 INFO  [o.n.k.i.DiagnosticsManager]:  [bootstrap] /opt/jdk1.8.0_31/jre/lib/sunrsasign.jar
2016-04-05 21:15:39.188+0000 INFO  [o.n.k.i.DiagnosticsManager]:  [bootstrap] /opt/jdk1.8.0_31/jre/lib/jsse.jar
2016-04-05 21:15:39.188+0000 INFO  [o.n.k.i.DiagnosticsManager]:  [classpath + loader.0] file:/home/dorian/.gradle/caches/modules-2/files-2.1/org.slf4j/slf4j-api/1.7.16/3a6274f658487d5bfff9af3862beff6da1e7fd52/slf4j-api-1.7.16.jar
2016-04-05 21:15:39.188+0000 INFO  [o.n.k.i.DiagnosticsManager]:  [loader.1] file:/opt/jdk1.8.0_31/jre/lib/ext/zipfs.jar
2016-04-05 21:15:39.188+0000 INFO  [o.n.k.i.DiagnosticsManager]:  [loader.1] file:/opt/jdk1.8.0_31/jre/lib/ext/jfxrt.jar
2016-04-05 21:15:39.188+0000 INFO  [o.n.k.i.DiagnosticsManager]:  [classpath + loader.0] file:/home/dorian/.gradle/caches/modules-2/files-2.1/ch.qos.logback/logback-core/1.1.5/16722afde74444716e299bee1f60aec9f6d1f0dc/logback-core-1.1.5.jar
2016-04-05 21:15:39.188+0000 INFO  [o.n.k.i.DiagnosticsManager]:  [classpath + loader.0] file:/home/dorian/.gradle/caches/modules-2/files-2.1/org.aspectj/aspectjrt/1.8.8/7c5b26f24375685e34a50c2d765ebc40a96a5280/aspectjrt-1.8.8.jar
2016-04-05 21:15:39.188+0000 INFO  [o.n.k.i.DiagnosticsManager]:  [loader.1] file:/opt/jdk1.8.0_31/jre/lib/ext/cldrdata.jar
2016-04-05 21:15:39.188+0000 INFO  [o.n.k.i.DiagnosticsManager]:  [classpath + loader.0] file:/home/dorian/.gradle/caches/modules-2/files-2.1/org.aspectj/aspectjweaver/1.8.8/969c8d3d3d56db1e1c8721a03ef07d0c9ac3a2e4/aspectjweaver-1.8.8.jar
2016-04-05 21:15:39.188+0000 INFO  [o.n.k.i.DiagnosticsManager]:  [classpath + loader.0] file:/home/dorian/.gradle/caches/modules-2/files-2.1/org.springframework/spring-context/4.2.5.RELEASE/a75e18322c7b362fe1daa26a245ae672ec0f3138/spring-context-4.2.5.RELEASE.jar
2016-04-05 21:15:39.188+0000 INFO  [o.n.k.i.DiagnosticsManager]:  [classpath + loader.0] file:/home/dorian/.gradle/caches/modules-2/files-2.1/org.springframework.boot/spring-boot-starter/1.3.3.RELEASE/e4a71ce6ae8e42a7535dd9f1a39f91d36c538f28/spring-boot-starter-1.3.3.RELEASE.jar
2016-04-05 21:15:39.188+0000 INFO  [o.n.k.i.DiagnosticsManager]:  [loader.1] file:/opt/jdk1.8.0_31/jre/lib/ext/sunec.jar
2016-04-05 21:15:39.188+0000 INFO  [o.n.k.i.DiagnosticsManager]:  [classpath + loader.0] file:/home/dorian/.gradle/caches/modules-2/files-2.1/org.neo4j/neo4j-unsafe/2.2.5/2114ee2894e3b6119860dcdd4e2ec1e192406daf/neo4j-unsafe-2.2.5.jar
2016-04-05 21:15:39.188+0000 INFO  [o.n.k.i.DiagnosticsManager]:  [classpath + loader.0] file:/home/dorian/.gradle/caches/modules-2/files-2.1/com.googlecode.concurrentlinkedhashmap/concurrentlinkedhashmap-lru/1.4/d4b42ed76a166a81dbac613339eed3343be6bd2d/concurrentlinkedhashmap-lru-1.4.jar
2016-04-05 21:15:39.188+0000 INFO  [o.n.k.i.DiagnosticsManager]:  [classpath + loader.0] file:/home/dorian/.gradle/caches/modules-2/files-2.1/org.neo4j/neo4j-cypher-compiler-1.9/2.0.4/93381595ffca5c8813eb65af32a910637dc0c408/neo4j-cypher-compiler-1.9-2.0.4.jar
2016-04-05 21:15:39.188+0000 INFO  [o.n.k.i.DiagnosticsManager]:  [classpath + loader.0] file:/home/dorian/.gradle/caches/modules-2/files-2.1/org.neo4j/neo4j-graph-algo/2.2.5/b2181bde4978ecb533ca09e62c46f2adb121d849/neo4j-graph-algo-2.2.5.jar
2016-04-05 21:15:39.188+0000 INFO  [o.n.k.i.DiagnosticsManager]:  [classpath + loader.0] file:/home/dorian/.gradle/caches/modules-2/files-2.1/org.hamcrest/hamcrest-core/1.3/42a25dc3219429f0e5d060061f71acb49bf010a0/hamcrest-core-1.3.jar
2016-04-05 21:15:39.188+0000 INFO  [o.n.k.i.DiagnosticsManager]:  [classpath + loader.0] file:/home/dorian/.gradle/caches/modules-2/files-2.1/commons-collections/commons-collections/3.2/f951934aa5ae5a88d7e6dfaa6d32307d834a88be/commons-collections-3.2.jar
2016-04-05 21:15:39.188+0000 INFO  [o.n.k.i.DiagnosticsManager]:  [bootstrap] /opt/jdk1.8.0_31/jre/lib/resources.jar
2016-04-05 21:15:39.188+0000 INFO  [o.n.k.i.DiagnosticsManager]:  [classpath + loader.0] file:/home/dorian/.gradle/caches/modules-2/files-2.1/aopalliance/aopalliance/1.0/235ba8b489512805ac13a8f9ea77a1ca5ebe3e8/aopalliance-1.0.jar
2016-04-05 21:15:39.188+0000 INFO  [o.n.k.i.DiagnosticsManager]:  [bootstrap] /opt/jdk1.8.0_31/jre/lib/jce.jar
2016-04-05 21:15:39.188+0000 INFO  [o.n.k.i.DiagnosticsManager]:  [classpath + loader.0] file:/home/dorian/.gradle/caches/modules-2/files-2.1/org.slf4j/log4j-over-slf4j/1.7.16/c5922f37c8a5e4377cfb543c549f10e73d72ede0/log4j-over-slf4j-1.7.16.jar
2016-04-05 21:15:39.188+0000 INFO  [o.n.k.i.DiagnosticsManager]: Library path:
2016-04-05 21:15:39.188+0000 INFO  [o.n.k.i.DiagnosticsManager]: /usr/java/packages/lib/amd64
2016-04-05 21:15:39.188+0000 INFO  [o.n.k.i.DiagnosticsManager]: /usr/lib64
2016-04-05 21:15:39.189+0000 INFO  [o.n.k.i.DiagnosticsManager]: /lib64
2016-04-05 21:15:39.189+0000 INFO  [o.n.k.i.DiagnosticsManager]: /lib
2016-04-05 21:15:39.189+0000 INFO  [o.n.k.i.DiagnosticsManager]: /usr/lib
2016-04-05 21:15:39.189+0000 INFO  [o.n.k.i.DiagnosticsManager]: System.properties:
2016-04-05 21:15:39.189+0000 INFO  [o.n.k.i.DiagnosticsManager]: com.sun.management.jmxremote.authenticate = false
2016-04-05 21:15:39.189+0000 INFO  [o.n.k.i.DiagnosticsManager]: sun.boot.library.path = /opt/jdk1.8.0_31/jre/lib/amd64
2016-04-05 21:15:39.189+0000 INFO  [o.n.k.i.DiagnosticsManager]: path.separator = :
2016-04-05 21:15:39.189+0000 INFO  [o.n.k.i.DiagnosticsManager]: file.encoding.pkg = sun.io
2016-04-05 21:15:39.189+0000 INFO  [o.n.k.i.DiagnosticsManager]: user.country = CH
2016-04-05 21:15:39.189+0000 INFO  [o.n.k.i.DiagnosticsManager]: sun.java.launcher = SUN_STANDARD
2016-04-05 21:15:39.189+0000 INFO  [o.n.k.i.DiagnosticsManager]: sun.os.patch.level = unknown
2016-04-05 21:15:39.189+0000 INFO  [o.n.k.i.DiagnosticsManager]: PID = 15195
2016-04-05 21:15:39.189+0000 INFO  [o.n.k.i.DiagnosticsManager]: com.sun.management.jmxremote.port = 37432
2016-04-05 21:15:39.189+0000 INFO  [o.n.k.i.DiagnosticsManager]: user.dir = /home/dorian/git/contextmap
2016-04-05 21:15:39.189+0000 INFO  [o.n.k.i.DiagnosticsManager]: org.jboss.logging.provider = slf4j
2016-04-05 21:15:39.189+0000 INFO  [o.n.k.i.DiagnosticsManager]: sun.jnu.encoding = UTF-8
2016-04-05 21:15:39.189+0000 INFO  [o.n.k.i.DiagnosticsManager]: spring.beaninfo.ignore = true
2016-04-05 21:15:39.189+0000 INFO  [o.n.k.i.DiagnosticsManager]: sun.management.compiler = HotSpot 64-Bit Tiered Compilers
2016-04-05 21:15:39.189+0000 INFO  [o.n.k.i.DiagnosticsManager]: spring.liveBeansView.mbeanDomain = 
2016-04-05 21:15:39.189+0000 INFO  [o.n.k.i.DiagnosticsManager]: user.home = /home/dorian
2016-04-05 21:15:39.189+0000 INFO  [o.n.k.i.DiagnosticsManager]: user.timezone = Europe/Zurich
2016-04-05 21:15:39.189+0000 INFO  [o.n.k.i.DiagnosticsManager]: file.encoding = UTF-8
2016-04-05 21:15:39.189+0000 INFO  [o.n.k.i.DiagnosticsManager]: user.name = dorian
2016-04-05 21:15:39.189+0000 INFO  [o.n.k.i.DiagnosticsManager]: com.sun.management.jmxremote = 
2016-04-05 21:15:39.189+0000 INFO  [o.n.k.i.DiagnosticsManager]: sun.java.command = org.gradle.Application
2016-04-05 21:15:39.189+0000 INFO  [o.n.k.i.DiagnosticsManager]: sun.arch.data.model = 64
2016-04-05 21:15:39.189+0000 INFO  [o.n.k.i.DiagnosticsManager]: user.language = de
2016-04-05 21:15:39.189+0000 INFO  [o.n.k.i.DiagnosticsManager]: awt.toolkit = sun.awt.X11.XToolkit
2016-04-05 21:15:39.189+0000 INFO  [o.n.k.i.DiagnosticsManager]: com.sun.management.jmxremote.ssl = false
2016-04-05 21:15:39.189+0000 INFO  [o.n.k.i.DiagnosticsManager]: spring.application.admin.enabled = true
2016-04-05 21:15:39.189+0000 INFO  [o.n.k.i.DiagnosticsManager]: file.separator = /
2016-04-05 21:15:39.189+0000 INFO  [o.n.k.i.DiagnosticsManager]: sun.io.unicode.encoding = UnicodeLittle
2016-04-05 21:15:39.189+0000 INFO  [o.n.k.i.DiagnosticsManager]: sun.cpu.endian = little
2016-04-05 21:15:39.189+0000 INFO  [o.n.k.i.DiagnosticsManager]: sun.desktop = gnome
2016-04-05 21:15:39.189+0000 INFO  [o.n.k.i.DiagnosticsManager]: sun.cpu.isalist = 
2016-04-05 21:15:39.189+0000 INFO  [o.n.k.i.DiagnosticsManager]: Linux scheduler information:
2016-04-05 21:15:39.190+0000 INFO  [o.n.k.i.DiagnosticsManager]: noop [deadline] cfq 
2016-04-05 21:15:39.191+0000 INFO  [o.n.k.i.DiagnosticsManager]: noop [deadline] cfq 
2016-04-05 21:15:39.191+0000 INFO  [o.n.k.i.DiagnosticsManager]: noop [deadline] cfq 
2016-04-05 21:15:39.191+0000 INFO  [o.n.k.i.DiagnosticsManager]: noop [deadline] cfq 
2016-04-05 21:15:39.191+0000 INFO  [o.n.k.i.DiagnosticsManager]: noop [deadline] cfq 
2016-04-05 21:15:39.191+0000 INFO  [o.n.k.i.DiagnosticsManager]: noop [deadline] cfq 
2016-04-05 21:15:39.191+0000 INFO  [o.n.k.i.DiagnosticsManager]: noop [deadline] cfq 
2016-04-05 21:15:39.191+0000 INFO  [o.n.k.i.DiagnosticsManager]: noop [deadline] cfq 
2016-04-05 21:15:39.191+0000 INFO  [o.n.k.i.DiagnosticsManager]: none
2016-04-05 21:15:39.191+0000 INFO  [o.n.k.i.DiagnosticsManager]: none
2016-04-05 21:15:39.191+0000 INFO  [o.n.k.i.DiagnosticsManager]: none
2016-04-05 21:15:39.191+0000 INFO  [o.n.k.i.DiagnosticsManager]: none
2016-04-05 21:15:39.192+0000 INFO  [o.n.k.i.DiagnosticsManager]: none
2016-04-05 21:15:39.192+0000 INFO  [o.n.k.i.DiagnosticsManager]: none
2016-04-05 21:15:39.192+0000 INFO  [o.n.k.i.DiagnosticsManager]: none
2016-04-05 21:15:39.192+0000 INFO  [o.n.k.i.DiagnosticsManager]: none
2016-04-05 21:15:39.192+0000 INFO  [o.n.k.i.DiagnosticsManager]: none
2016-04-05 21:15:39.192+0000 INFO  [o.n.k.i.DiagnosticsManager]: none
2016-04-05 21:15:39.192+0000 INFO  [o.n.k.i.DiagnosticsManager]: none
2016-04-05 21:15:39.192+0000 INFO  [o.n.k.i.DiagnosticsManager]: none
2016-04-05 21:15:39.192+0000 INFO  [o.n.k.i.DiagnosticsManager]: none
2016-04-05 21:15:39.192+0000 INFO  [o.n.k.i.DiagnosticsManager]: none
2016-04-05 21:15:39.192+0000 INFO  [o.n.k.i.DiagnosticsManager]: none
2016-04-05 21:15:39.192+0000 INFO  [o.n.k.i.DiagnosticsManager]: none
2016-04-05 21:15:39.192+0000 INFO  [o.n.k.i.DiagnosticsManager]: none
2016-04-05 21:15:39.192+0000 INFO  [o.n.k.i.DiagnosticsManager]: none
2016-04-05 21:15:39.192+0000 INFO  [o.n.k.i.DiagnosticsManager]: none
2016-04-05 21:15:39.192+0000 INFO  [o.n.k.i.DiagnosticsManager]: none
2016-04-05 21:15:39.193+0000 INFO  [o.n.k.i.DiagnosticsManager]: none
2016-04-05 21:15:39.193+0000 INFO  [o.n.k.i.DiagnosticsManager]: none
2016-04-05 21:15:39.193+0000 INFO  [o.n.k.i.DiagnosticsManager]: none
2016-04-05 21:15:39.193+0000 INFO  [o.n.k.i.DiagnosticsManager]: none
2016-04-05 21:15:39.193+0000 INFO  [o.n.k.i.DiagnosticsManager]: Network information:
2016-04-05 21:15:39.193+0000 INFO  [o.n.k.i.DiagnosticsManager]: Interface docker0:
2016-04-05 21:15:39.193+0000 INFO  [o.n.k.i.DiagnosticsManager]:     address: 172.17.0.1
2016-04-05 21:15:39.193+0000 INFO  [o.n.k.i.DiagnosticsManager]: Interface eth0:
2016-04-05 21:15:39.193+0000 INFO  [o.n.k.i.DiagnosticsManager]:     address: fe80:0:0:0:da50:e6ff:fe3f:86a5%eth0
2016-04-05 21:15:39.193+0000 INFO  [o.n.k.i.DiagnosticsManager]:     address: 192.168.1.47
2016-04-05 21:15:39.193+0000 INFO  [o.n.k.i.DiagnosticsManager]: Interface lo:
2016-04-05 21:15:39.193+0000 INFO  [o.n.k.i.DiagnosticsManager]:     address: 0:0:0:0:0:0:0:1%lo
2016-04-05 21:15:39.194+0000 INFO  [o.n.k.i.DiagnosticsManager]:     address: 127.0.0.1
2016-04-05 21:15:39.194+0000 INFO  [o.n.k.i.DiagnosticsManager]: --- INITIALIZED diagnostics END ---
2016-04-05 21:15:39.420+0000 INFO  [o.n.k.i.s.StoreFactory]: Creating new db @ contextmap.db/neostore
2016-04-05 21:15:39.985+0000 INFO  [o.n.k.a.i.i.LuceneLabelScanStore]: No lucene scan store index found, this might just be first use. Preparing to rebuild.
2016-04-05 21:15:39.999+0000 INFO  [o.n.k.a.i.i.LuceneLabelScanStore]: No lucene scan store index found, this might just be first use. Preparing to rebuild.
2016-04-05 21:15:40.037+0000 INFO  [o.n.k.NeoStoreDataSource]: Opened logical log [contextmap.db/neostore.transaction.db.0] version=0, lastTxId=1 (clean)
2016-04-05 21:15:40.041+0000 WARN  [o.n.k.i.s.StoreFactory]: Missing counts store, rebuilding it.
2016-04-05 21:15:40.105+0000 INFO  [o.n.k.a.i.i.LuceneLabelScanStore]: Rebuilding lucene scan store, this may take a while
2016-04-05 21:15:40.106+0000 INFO  [o.n.k.a.i.i.LuceneLabelScanStore]: Lucene scan store rebuilt (roughly -1 nodes)
2016-04-05 21:15:40.110+0000 INFO  [o.n.k.KernelHealth]: Kernel health set to OK
2016-04-05 21:15:40.377+0000 INFO  [o.n.k.i.DiagnosticsManager]: --- STARTED diagnostics for KernelDiagnostics:Versions START ---
2016-04-05 21:15:40.377+0000 INFO  [o.n.k.i.DiagnosticsManager]: Graph Database: org.neo4j.kernel.EmbeddedGraphDatabase StoreId{creationTime=1459890939420, randomId=-2087843847767010266, storeVersion=14969031248344582, upgradeTime=1459890939420, upgradeId=1}
2016-04-05 21:15:40.377+0000 INFO  [o.n.k.i.DiagnosticsManager]: Kernel version: Neo4j - Graph Database Kernel (neo4j-kernel), version: 2.2.5
2016-04-05 21:15:40.377+0000 INFO  [o.n.k.i.DiagnosticsManager]: Neo4j component versions:
2016-04-05 21:15:40.379+0000 INFO  [o.n.k.i.DiagnosticsManager]:   Neo4j - Cypher Compiler 1.9 (neo4j-cypher-compiler-1.9), version: 2.0.4; revision: 2.0.4:2.0-maint:130/4a7d10bc274a5d26a180bbe9df25100e8a694748
2016-04-05 21:15:40.379+0000 INFO  [o.n.k.i.DiagnosticsManager]:   Neo4j - Consistency Checker (neo4j-consistency-check), version: 2.2.5; revision: 2.2.5:2.2:151/cf9c7fe724d193d2d54c55eb0c82cc9036fc05d6-dirty
2016-04-05 21:15:40.379+0000 INFO  [o.n.k.i.DiagnosticsManager]:   Neo4j - Cypher Compiler 2.2 (neo4j-cypher-compiler-2.2), version: 2.2.5; revision: 2.2.5:2.2:151/cf9c7fe724d193d2d54c55eb0c82cc9036fc05d6-dirty
2016-04-05 21:15:40.379+0000 INFO  [o.n.k.i.DiagnosticsManager]:   Neo4j - Graph Database Kernel (neo4j-kernel), version: 2.2.5; revision: 2.2.5:2.2:151/cf9c7fe724d193d2d54c55eb0c82cc9036fc05d6-dirty
2016-04-05 21:15:40.379+0000 INFO  [o.n.k.i.DiagnosticsManager]:   Neo4j - Cypher Compiler 2.1 (neo4j-cypher-compiler-2.1), version: 2.1.8; revision: 2.1.8:2.1-maint:687/5c83ce3a5ddf33259593f719153ce71a6fe89fc7
2016-04-05 21:15:40.379+0000 INFO  [o.n.k.i.DiagnosticsManager]:   Neo4j - Community (neo4j), version: 2.2.5; revision: 2.2.5:2.2:151/cf9c7fe724d193d2d54c55eb0c82cc9036fc05d6-dirty
2016-04-05 21:15:40.379+0000 INFO  [o.n.k.i.DiagnosticsManager]:   neo4j-udc, version: 2.2.5; revision: 2.2.5:2.2:151/cf9c7fe724d193d2d54c55eb0c82cc9036fc05d6-dirty
2016-04-05 21:15:40.380+0000 INFO  [o.n.k.i.DiagnosticsManager]:   Neo4j - Lucene Index (neo4j-lucene-index), version: 2.2.5; revision: 2.2.5:2.2:151/cf9c7fe724d193d2d54c55eb0c82cc9036fc05d6-dirty
2016-04-05 21:15:40.380+0000 INFO  [o.n.k.i.DiagnosticsManager]:   Neo4j - Cypher Compiler 2.0 (neo4j-cypher-compiler-2.0), version: 2.0.4; revision: 2.0.4:2.0-maint:130/4a7d10bc274a5d26a180bbe9df25100e8a694748
2016-04-05 21:15:40.380+0000 INFO  [o.n.k.i.DiagnosticsManager]:   Neo4j - Graph Matching (neo4j-graph-matching), version: 2.2.5; revision: 2.2.5:2.2:151/cf9c7fe724d193d2d54c55eb0c82cc9036fc05d6-dirty
2016-04-05 21:15:40.380+0000 INFO  [o.n.k.i.DiagnosticsManager]:   Neo4j - JMX support (neo4j-jmx), version: 2.2.5; revision: 2.2.5:2.2:151/cf9c7fe724d193d2d54c55eb0c82cc9036fc05d6-dirty
2016-04-05 21:15:40.380+0000 INFO  [o.n.k.i.DiagnosticsManager]:   Neo4j - Cypher (neo4j-cypher), version: 2.2.5; revision: 2.2.5:2.2:151/cf9c7fe724d193d2d54c55eb0c82cc9036fc05d6-dirty
2016-04-05 21:15:40.380+0000 INFO  [o.n.k.i.DiagnosticsManager]:   Neo4j - Graph Algorithms (neo4j-graph-algo), version: 2.2.5; revision: 2.2.5:2.2:151/cf9c7fe724d193d2d54c55eb0c82cc9036fc05d6-dirty
2016-04-05 21:15:40.380+0000 INFO  [o.n.k.i.DiagnosticsManager]: --- STARTED diagnostics for KernelDiagnostics:Versions END ---
2016-04-05 21:15:40.381+0000 INFO  [o.n.k.i.DiagnosticsManager]: --- STARTED diagnostics for NEO_STORE_VERSIONS START ---
2016-04-05 21:15:40.381+0000 INFO  [o.n.k.i.DiagnosticsManager]: Store versions:
2016-04-05 21:15:40.381+0000 INFO  [o.n.k.i.DiagnosticsManager]: Store versions:
2016-04-05 21:15:40.381+0000 INFO  [o.n.k.i.DiagnosticsManager]:   NeoStore v0.A.5
2016-04-05 21:15:40.381+0000 INFO  [o.n.k.i.DiagnosticsManager]:   SchemaStore v0.A.5
2016-04-05 21:15:40.381+0000 INFO  [o.n.k.i.DiagnosticsManager]:   NodeStore v0.A.5
2016-04-05 21:15:40.381+0000 INFO  [o.n.k.i.DiagnosticsManager]:   RelationshipStore v0.A.5
2016-04-05 21:15:40.381+0000 INFO  [o.n.k.i.DiagnosticsManager]:   RelationshipTypeStore v0.A.5
2016-04-05 21:15:40.381+0000 INFO  [o.n.k.i.DiagnosticsManager]:   LabelTokenStore v0.A.5
2016-04-05 21:15:40.381+0000 INFO  [o.n.k.i.DiagnosticsManager]:   PropertyStore v0.A.5
2016-04-05 21:15:40.381+0000 INFO  [o.n.k.i.DiagnosticsManager]:   PropertyIndexStore v0.A.5
2016-04-05 21:15:40.381+0000 INFO  [o.n.k.i.DiagnosticsManager]:   StringPropertyStore v0.A.5
2016-04-05 21:15:40.381+0000 INFO  [o.n.k.i.DiagnosticsManager]:   ArrayPropertyStore v0.A.5
2016-04-05 21:15:40.381+0000 INFO  [o.n.k.i.DiagnosticsManager]:   RelationshipGroupStore v0.A.5
2016-04-05 21:15:40.381+0000 INFO  [o.n.k.i.DiagnosticsManager]: --- STARTED diagnostics for NEO_STORE_VERSIONS END ---
2016-04-05 21:15:40.381+0000 INFO  [o.n.k.i.DiagnosticsManager]: --- STARTED diagnostics for NEO_STORE_ID_USAGE START ---
2016-04-05 21:15:40.381+0000 INFO  [o.n.k.i.DiagnosticsManager]: Id usage:
2016-04-05 21:15:40.381+0000 INFO  [o.n.k.i.DiagnosticsManager]: Id usage:
2016-04-05 21:15:40.382+0000 INFO  [o.n.k.i.DiagnosticsManager]:   SchemaStore: used=1 high=0
2016-04-05 21:15:40.382+0000 INFO  [o.n.k.i.DiagnosticsManager]:   NodeStore: used=0 high=-1
2016-04-05 21:15:40.382+0000 INFO  [o.n.k.i.DiagnosticsManager]:   RelationshipStore: used=0 high=-1
2016-04-05 21:15:40.382+0000 INFO  [o.n.k.i.DiagnosticsManager]:   RelationshipTypeStore: used=0 high=-1
2016-04-05 21:15:40.382+0000 INFO  [o.n.k.i.DiagnosticsManager]:   LabelTokenStore: used=0 high=-1
2016-04-05 21:15:40.382+0000 INFO  [o.n.k.i.DiagnosticsManager]:   PropertyStore: used=0 high=-1
2016-04-05 21:15:40.382+0000 INFO  [o.n.k.i.DiagnosticsManager]:   PropertyIndexStore: used=0 high=-1
2016-04-05 21:15:40.382+0000 INFO  [o.n.k.i.DiagnosticsManager]:   StringPropertyStore: used=1 high=0
2016-04-05 21:15:40.382+0000 INFO  [o.n.k.i.DiagnosticsManager]:   ArrayPropertyStore: used=1 high=0
2016-04-05 21:15:40.382+0000 INFO  [o.n.k.i.DiagnosticsManager]:   RelationshipGroupStore: used=1 high=0
2016-04-05 21:15:40.382+0000 INFO  [o.n.k.i.DiagnosticsManager]: --- STARTED diagnostics for NEO_STORE_ID_USAGE END ---
2016-04-05 21:15:40.382+0000 INFO  [o.n.k.i.DiagnosticsManager]: --- STARTED diagnostics for KernelDiagnostics:StoreFiles START ---
2016-04-05 21:15:40.383+0000 INFO  [o.n.k.i.DiagnosticsManager]: Disk space on partition (Total / Free / Free %): 61355331584 / 14155030528 / 23
Storage files: (filename : modification date - size)
2016-04-05 21:15:40.383+0000 INFO  [o.n.k.i.DiagnosticsManager]:   index:
2016-04-05 21:15:40.383+0000 INFO  [o.n.k.i.DiagnosticsManager]:   - Total: 2016-04-05T23:15:39+0200 - 0.00 B
2016-04-05 21:15:40.383+0000 INFO  [o.n.k.i.DiagnosticsManager]:   lock: 2016-04-05T23:15:39+0200 - 0.00 B
2016-04-05 21:15:40.384+0000 INFO  [o.n.k.i.DiagnosticsManager]:   messages.log: 2016-04-05T23:15:40+0200 - 35.77 kB
2016-04-05 21:15:40.384+0000 INFO  [o.n.k.i.DiagnosticsManager]:   neostore: 2016-04-05T23:15:39+0200 - 99.00 B
2016-04-05 21:15:40.384+0000 INFO  [o.n.k.i.DiagnosticsManager]:   neostore.counts.db.a: 2016-04-05T23:15:40+0200 - 114.00 B
2016-04-05 21:15:40.384+0000 INFO  [o.n.k.i.DiagnosticsManager]:   neostore.id: 2016-04-05T23:15:39+0200 - 9.00 B
2016-04-05 21:15:40.384+0000 INFO  [o.n.k.i.DiagnosticsManager]:   neostore.labeltokenstore.db: 2016-04-05T23:15:39+0200 - 0.00 B
2016-04-05 21:15:40.384+0000 INFO  [o.n.k.i.DiagnosticsManager]:   neostore.labeltokenstore.db.id: 2016-04-05T23:15:39+0200 - 9.00 B
2016-04-05 21:15:40.384+0000 INFO  [o.n.k.i.DiagnosticsManager]:   neostore.labeltokenstore.db.names: 2016-04-05T23:15:39+0200 - 38.00 B
2016-04-05 21:15:40.384+0000 INFO  [o.n.k.i.DiagnosticsManager]:   neostore.labeltokenstore.db.names.id: 2016-04-05T23:15:39+0200 - 9.00 B
2016-04-05 21:15:40.384+0000 INFO  [o.n.k.i.DiagnosticsManager]:   neostore.nodestore.db: 2016-04-05T23:15:39+0200 - 0.00 B
2016-04-05 21:15:40.385+0000 INFO  [o.n.k.i.DiagnosticsManager]:   neostore.nodestore.db.id: 2016-04-05T23:15:39+0200 - 9.00 B
2016-04-05 21:15:40.385+0000 INFO  [o.n.k.i.DiagnosticsManager]:   neostore.nodestore.db.labels: 2016-04-05T23:15:39+0200 - 68.00 B
2016-04-05 21:15:40.385+0000 INFO  [o.n.k.i.DiagnosticsManager]:   neostore.nodestore.db.labels.id: 2016-04-05T23:15:39+0200 - 9.00 B
2016-04-05 21:15:40.385+0000 INFO  [o.n.k.i.DiagnosticsManager]:   neostore.propertystore.db: 2016-04-05T23:15:39+0200 - 0.00 B
2016-04-05 21:15:40.385+0000 INFO  [o.n.k.i.DiagnosticsManager]:   neostore.propertystore.db.arrays: 2016-04-05T23:15:39+0200 - 128.00 B
2016-04-05 21:15:40.385+0000 INFO  [o.n.k.i.DiagnosticsManager]:   neostore.propertystore.db.arrays.id: 2016-04-05T23:15:39+0200 - 9.00 B
2016-04-05 21:15:40.385+0000 INFO  [o.n.k.i.DiagnosticsManager]:   neostore.propertystore.db.id: 2016-04-05T23:15:39+0200 - 9.00 B
2016-04-05 21:15:40.385+0000 INFO  [o.n.k.i.DiagnosticsManager]:   neostore.propertystore.db.index: 2016-04-05T23:15:39+0200 - 0.00 B
2016-04-05 21:15:40.386+0000 INFO  [o.n.k.i.DiagnosticsManager]:   neostore.propertystore.db.index.id: 2016-04-05T23:15:39+0200 - 9.00 B
2016-04-05 21:15:40.386+0000 INFO  [o.n.k.i.DiagnosticsManager]:   neostore.propertystore.db.index.keys: 2016-04-05T23:15:39+0200 - 38.00 B
2016-04-05 21:15:40.386+0000 INFO  [o.n.k.i.DiagnosticsManager]:   neostore.propertystore.db.index.keys.id: 2016-04-05T23:15:39+0200 - 9.00 B
2016-04-05 21:15:40.386+0000 INFO  [o.n.k.i.DiagnosticsManager]:   neostore.propertystore.db.strings: 2016-04-05T23:15:39+0200 - 128.00 B
2016-04-05 21:15:40.386+0000 INFO  [o.n.k.i.DiagnosticsManager]:   neostore.propertystore.db.strings.id: 2016-04-05T23:15:39+0200 - 9.00 B
2016-04-05 21:15:40.386+0000 INFO  [o.n.k.i.DiagnosticsManager]:   neostore.relationshipgroupstore.db: 2016-04-05T23:15:39+0200 - 25.00 B
2016-04-05 21:15:40.386+0000 INFO  [o.n.k.i.DiagnosticsManager]:   neostore.relationshipgroupstore.db.id: 2016-04-05T23:15:39+0200 - 9.00 B
2016-04-05 21:15:40.386+0000 INFO  [o.n.k.i.DiagnosticsManager]:   neostore.relationshipstore.db: 2016-04-05T23:15:39+0200 - 0.00 B
2016-04-05 21:15:40.387+0000 INFO  [o.n.k.i.DiagnosticsManager]:   neostore.relationshipstore.db.id: 2016-04-05T23:15:39+0200 - 9.00 B
2016-04-05 21:15:40.387+0000 INFO  [o.n.k.i.DiagnosticsManager]:   neostore.relationshiptypestore.db: 2016-04-05T23:15:39+0200 - 0.00 B
2016-04-05 21:15:40.387+0000 INFO  [o.n.k.i.DiagnosticsManager]:   neostore.relationshiptypestore.db.id: 2016-04-05T23:15:39+0200 - 9.00 B
2016-04-05 21:15:40.387+0000 INFO  [o.n.k.i.DiagnosticsManager]:   neostore.relationshiptypestore.db.names: 2016-04-05T23:15:39+0200 - 38.00 B
2016-04-05 21:15:40.387+0000 INFO  [o.n.k.i.DiagnosticsManager]:   neostore.relationshiptypestore.db.names.id: 2016-04-05T23:15:39+0200 - 9.00 B
2016-04-05 21:15:40.387+0000 INFO  [o.n.k.i.DiagnosticsManager]:   neostore.schemastore.db: 2016-04-05T23:15:39+0200 - 64.00 B
2016-04-05 21:15:40.387+0000 INFO  [o.n.k.i.DiagnosticsManager]:   neostore.schemastore.db.id: 2016-04-05T23:15:39+0200 - 9.00 B
2016-04-05 21:15:40.387+0000 INFO  [o.n.k.i.DiagnosticsManager]:   neostore.transaction.db.0: 2016-04-05T23:15:40+0200 - 16.00 B
2016-04-05 21:15:40.387+0000 INFO  [o.n.k.i.DiagnosticsManager]:   schema:
2016-04-05 21:15:40.388+0000 INFO  [o.n.k.i.DiagnosticsManager]:     label:
2016-04-05 21:15:40.388+0000 INFO  [o.n.k.i.DiagnosticsManager]:       lucene:
2016-04-05 21:15:40.388+0000 INFO  [o.n.k.i.DiagnosticsManager]:         write.lock: 2016-04-05T23:15:40+0200 - 0.00 B
2016-04-05 21:15:40.388+0000 INFO  [o.n.k.i.DiagnosticsManager]:       - Total: 2016-04-05T23:15:40+0200 - 0.00 B
2016-04-05 21:15:40.388+0000 INFO  [o.n.k.i.DiagnosticsManager]:     - Total: 2016-04-05T23:15:39+0200 - 0.00 B
2016-04-05 21:15:40.388+0000 INFO  [o.n.k.i.DiagnosticsManager]:   - Total: 2016-04-05T23:15:39+0200 - 0.00 B
2016-04-05 21:15:40.388+0000 INFO  [o.n.k.i.DiagnosticsManager]:   store_lock: 2016-04-05T23:15:39+0200 - 0.00 B
2016-04-05 21:15:40.388+0000 INFO  [o.n.k.i.DiagnosticsManager]: --- STARTED diagnostics for KernelDiagnostics:StoreFiles END ---
2016-04-05 21:15:40.414+0000 INFO  [o.n.k.EmbeddedGraphDatabase]: Database is now ready
2016-04-05 21:15:41.785+0000 INFO  [o.n.k.EmbeddedGraphDatabase]: Shutdown started
2016-04-05 21:15:41.786+0000 INFO  [o.n.k.EmbeddedGraphDatabase]: Database is now unavailable
2016-04-05 21:15:41.800+0000 INFO  [o.n.k.i.s.StoreFactory]: About to rotate counts store at transaction 2 to [contextmap.db/neostore.counts.db.b], from [contextmap.db/neostore.counts.db.a].
2016-04-05 21:15:41.800+0000 INFO  [o.n.k.i.s.StoreFactory]: Successfully rotated counts store at transaction 2 to [contextmap.db/neostore.counts.db.b], from [contextmap.db/neostore.counts.db.a].
2016-04-05 21:15:41.968+0000 INFO  [o.n.k.NeoStoreDataSource]: NeoStore closed
2016-04-05 21:15:41.968+0000 INFO  [o.n.k.i.DiagnosticsManager]: --- STOPPING diagnostics START ---
2016-04-05 21:15:41.968+0000 INFO  [o.n.k.i.DiagnosticsManager]: --- STOPPING diagnostics END ---
2016-04-05 21:40:18.317+0000 INFO  [o.n.k.InternalAbstractGraphDatabase]: No locking implementation specified, defaulting to 'community'
2016-04-05 21:40:18.374+0000 INFO  [o.n.k.i.DiagnosticsManager]: --- INITIALIZED diagnostics START ---
2016-04-05 21:40:18.375+0000 INFO  [o.n.k.i.DiagnosticsManager]: Neo4j Kernel properties:
2016-04-05 21:40:18.377+0000 INFO  [o.n.k.i.DiagnosticsManager]: store_dir=contextmap.db
2016-04-05 21:40:18.377+0000 INFO  [o.n.k.i.DiagnosticsManager]: ephemeral=false
2016-04-05 21:40:18.377+0000 INFO  [o.n.k.i.DiagnosticsManager]: Diagnostics providers:
2016-04-05 21:40:18.377+0000 INFO  [o.n.k.i.DiagnosticsManager]: org.neo4j.kernel.configuration.Config
2016-04-05 21:40:18.377+0000 INFO  [o.n.k.i.DiagnosticsManager]: org.neo4j.kernel.info.DiagnosticsManager
2016-04-05 21:40:18.377+0000 INFO  [o.n.k.i.DiagnosticsManager]: SYSTEM_MEMORY
2016-04-05 21:40:18.378+0000 INFO  [o.n.k.i.DiagnosticsManager]: JAVA_MEMORY
2016-04-05 21:40:18.378+0000 INFO  [o.n.k.i.DiagnosticsManager]: OPERATING_SYSTEM
2016-04-05 21:40:18.381+0000 INFO  [o.n.k.i.DiagnosticsManager]: JAVA_VIRTUAL_MACHINE
2016-04-05 21:40:18.381+0000 INFO  [o.n.k.i.DiagnosticsManager]: CLASSPATH
2016-04-05 21:40:18.382+0000 INFO  [o.n.k.i.DiagnosticsManager]: LIBRARY_PATH
2016-04-05 21:40:18.382+0000 INFO  [o.n.k.i.DiagnosticsManager]: SYSTEM_PROPERTIES
2016-04-05 21:40:18.382+0000 INFO  [o.n.k.i.DiagnosticsManager]: LINUX_SCHEDULERS
2016-04-05 21:40:18.382+0000 INFO  [o.n.k.i.DiagnosticsManager]: NETWORK
2016-04-05 21:40:18.382+0000 INFO  [o.n.k.i.DiagnosticsManager]: System memory information:
2016-04-05 21:40:18.383+0000 INFO  [o.n.k.i.DiagnosticsManager]: Total Physical memory: 7.74 GB
2016-04-05 21:40:18.384+0000 INFO  [o.n.k.i.DiagnosticsManager]: Free Physical memory: 197.39 MB
2016-04-05 21:40:18.384+0000 INFO  [o.n.k.i.DiagnosticsManager]: Committed virtual memory: 5.01 GB
2016-04-05 21:40:18.384+0000 INFO  [o.n.k.i.DiagnosticsManager]: Total swap space: 976.00 MB
2016-04-05 21:40:18.384+0000 INFO  [o.n.k.i.DiagnosticsManager]: Free swap space: 197.38 MB
2016-04-05 21:40:18.384+0000 INFO  [o.n.k.i.DiagnosticsManager]: JVM memory information:
2016-04-05 21:40:18.384+0000 INFO  [o.n.k.i.DiagnosticsManager]: Free  memory: 151.46 MB
2016-04-05 21:40:18.384+0000 INFO  [o.n.k.i.DiagnosticsManager]: Total memory: 212.00 MB
2016-04-05 21:40:18.384+0000 INFO  [o.n.k.i.DiagnosticsManager]: Max   memory: 1.72 GB
2016-04-05 21:40:18.385+0000 INFO  [o.n.k.i.DiagnosticsManager]: Garbage Collector: PS Scavenge: [PS Eden Space, PS Survivor Space]
2016-04-05 21:40:18.385+0000 INFO  [o.n.k.i.DiagnosticsManager]: Garbage Collector: PS MarkSweep: [PS Eden Space, PS Survivor Space, PS Old Gen]
2016-04-05 21:40:18.385+0000 INFO  [o.n.k.i.DiagnosticsManager]: Memory Pool: Code Cache (Non-heap memory): committed=6.94 MB, used=6.87 MB, max=240.00 MB, threshold=0.00 B
2016-04-05 21:40:18.385+0000 INFO  [o.n.k.i.DiagnosticsManager]: Memory Pool: Metaspace (Non-heap memory): committed=20.13 MB, used=19.65 MB, max=-1.00 B, threshold=0.00 B
2016-04-05 21:40:18.386+0000 INFO  [o.n.k.i.DiagnosticsManager]: Memory Pool: Compressed Class Space (Non-heap memory): committed=2.63 MB, used=2.56 MB, max=1.00 GB, threshold=0.00 B
2016-04-05 21:40:18.386+0000 INFO  [o.n.k.i.DiagnosticsManager]: Memory Pool: PS Eden Space (Heap memory): committed=124.00 MB, used=23.46 MB, max=650.50 MB, threshold=?
2016-04-05 21:40:18.386+0000 INFO  [o.n.k.i.DiagnosticsManager]: Memory Pool: PS Survivor Space (Heap memory): committed=5.00 MB, used=4.98 MB, max=5.00 MB, threshold=?
2016-04-05 21:40:18.387+0000 INFO  [o.n.k.i.DiagnosticsManager]: Memory Pool: PS Old Gen (Heap memory): committed=83.00 MB, used=32.10 MB, max=1.29 GB, threshold=0.00 B
2016-04-05 21:40:18.387+0000 INFO  [o.n.k.i.DiagnosticsManager]: Operating system information:
2016-04-05 21:40:18.387+0000 INFO  [o.n.k.i.DiagnosticsManager]: Operating System: Linux; version: 3.13.0-24-generic; arch: amd64; cpus: 8
2016-04-05 21:40:18.387+0000 INFO  [o.n.k.i.DiagnosticsManager]: Max number of file descriptors: 4096
2016-04-05 21:40:18.387+0000 INFO  [o.n.k.i.DiagnosticsManager]: Number of open file descriptors: 80
2016-04-05 21:40:18.387+0000 INFO  [o.n.k.i.DiagnosticsManager]: Process id: 16352@groundcontrol
2016-04-05 21:40:18.387+0000 INFO  [o.n.k.i.DiagnosticsManager]: Byte order: LITTLE_ENDIAN
2016-04-05 21:40:18.387+0000 INFO  [o.n.k.i.DiagnosticsManager]: Local timezone: Europe/Zurich
2016-04-05 21:40:18.387+0000 INFO  [o.n.k.i.DiagnosticsManager]: JVM information:
2016-04-05 21:40:18.387+0000 INFO  [o.n.k.i.DiagnosticsManager]: VM Name: Java HotSpot(TM) 64-Bit Server VM
2016-04-05 21:40:18.387+0000 INFO  [o.n.k.i.DiagnosticsManager]: VM Vendor: Oracle Corporation
2016-04-05 21:40:18.388+0000 INFO  [o.n.k.i.DiagnosticsManager]: VM Version: 25.31-b07
2016-04-05 21:40:18.388+0000 INFO  [o.n.k.i.DiagnosticsManager]: JIT compiler: HotSpot 64-Bit Tiered Compilers
2016-04-05 21:40:18.388+0000 INFO  [o.n.k.i.DiagnosticsManager]: VM Arguments: [-Dcom.sun.management.jmxremote, -Dcom.sun.management.jmxremote.port=34689, -Dcom.sun.management.jmxremote.authenticate=false, -Dcom.sun.management.jmxremote.ssl=false, -Dspring.liveBeansView.mbeanDomain, -Dspring.application.admin.enabled=true, -Djava.security.egd=file:/dev/./urandom, -Dfile.encoding=UTF-8]
2016-04-05 21:40:18.388+0000 INFO  [o.n.k.i.DiagnosticsManager]: Java classpath:
2016-04-05 21:40:18.388+0000 INFO  [o.n.k.i.DiagnosticsManager]:  [bootstrap] /opt/jdk1.8.0_31/jre/classes
2016-04-05 21:40:18.389+0000 INFO  [o.n.k.i.DiagnosticsManager]:  [classpath + loader.0] file:/home/dorian/.gradle/caches/modules-2/files-2.1/org.jboss.logging/jboss-logging/3.3.0.Final/3616bb87707910296e2c195dc016287080bba5af/jboss-logging-3.3.0.Final.jar
2016-04-05 21:40:18.389+0000 INFO  [o.n.k.i.DiagnosticsManager]:  [classpath + loader.0] file:/home/dorian/.gradle/caches/modules-2/files-2.1/com.fasterxml/classmate/1.1.0/dbbd699a1486ad0f2ed6f5af6cfed66acacb9056/classmate-1.1.0.jar
2016-04-05 21:40:18.389+0000 INFO  [o.n.k.i.DiagnosticsManager]:  [classpath + loader.0] file:/home/dorian/.gradle/caches/modules-2/files-2.1/javax.validation/validation-api/1.1.0.Final/8613ae82954779d518631e05daa73a6a954817d5/validation-api-1.1.0.Final.jar
2016-04-05 21:40:18.389+0000 INFO  [o.n.k.i.DiagnosticsManager]:  [loader.1] file:/opt/jdk1.8.0_31/jre/lib/ext/sunpkcs11.jar
2016-04-05 21:40:18.389+0000 INFO  [o.n.k.i.DiagnosticsManager]:  [classpath + loader.0] file:/home/dorian/.gradle/caches/modules-2/files-2.1/org.neo4j/neo4j-cypher-compiler-2.1/2.1.8/e53518fb1770c2a8a8d2965488c7ae1365953ef7/neo4j-cypher-compiler-2.1-2.1.8.jar
2016-04-05 21:40:18.389+0000 INFO  [o.n.k.i.DiagnosticsManager]:  [classpath + loader.0] file:/home/dorian/.gradle/caches/modules-2/files-2.1/org.neo4j/neo4j-csv/2.2.5/8d8fc9a40cca111654bf7b8ae90cef3a588f3d48/neo4j-csv-2.2.5.jar
2016-04-05 21:40:18.389+0000 INFO  [o.n.k.i.DiagnosticsManager]:  [classpath + loader.0] file:/home/dorian/.gradle/caches/modules-2/files-2.1/org.slf4j/jul-to-slf4j/1.7.16/2d5b546c5557dcbf08c3a381d7dc9bd275a602c1/jul-to-slf4j-1.7.16.jar
2016-04-05 21:40:18.389+0000 INFO  [o.n.k.i.DiagnosticsManager]:  [classpath + loader.0] file:/home/dorian/.gradle/caches/modules-2/files-2.1/org.springframework.boot/spring-boot-starter-logging/1.3.3.RELEASE/16b395c84f28b947f1c336aa461fda1e662bb3b6/spring-boot-starter-logging-1.3.3.RELEASE.jar
2016-04-05 21:40:18.389+0000 INFO  [o.n.k.i.DiagnosticsManager]:  [classpath + loader.0] file:/home/dorian/.gradle/caches/modules-2/files-2.1/org.springframework/spring-beans/4.2.5.RELEASE/fa992ae40f6fc47117282164e0433b71da385e94/spring-beans-4.2.5.RELEASE.jar
2016-04-05 21:40:18.389+0000 INFO  [o.n.k.i.DiagnosticsManager]:  [classpath + loader.0] file:/home/dorian/.gradle/caches/modules-2/files-2.1/org.springframework.data/spring-data-neo4j/3.4.4.RELEASE/aa977a8a38afc8608e6a28e925b34a4aae69ca8d/spring-data-neo4j-3.4.4.RELEASE.jar
2016-04-05 21:40:18.389+0000 INFO  [o.n.k.i.DiagnosticsManager]:  [classpath + loader.0] file:/home/dorian/.gradle/caches/modules-2/files-2.1/org.neo4j/neo4j-cypher/2.2.5/cf4986962339140844de3cbf839d42fd52bf4ffb/neo4j-cypher-2.2.5.jar
2016-04-05 21:40:18.389+0000 INFO  [o.n.k.i.DiagnosticsManager]:  [classpath + loader.0] file:/home/dorian/.gradle/caches/modules-2/files-2.1/org.neo4j/neo4j-io/2.2.5/d318dfdbf06a43ea1529c92154ad3b8187d8da58/neo4j-io-2.2.5.jar
2016-04-05 21:40:18.389+0000 INFO  [o.n.k.i.DiagnosticsManager]:  [loader.1] file:/opt/jdk1.8.0_31/jre/lib/ext/nashorn.jar
2016-04-05 21:40:18.389+0000 INFO  [o.n.k.i.DiagnosticsManager]:  [classpath + loader.0] file:/home/dorian/.gradle/caches/modules-2/files-2.1/org.parboiled/parboiled-core/1.1.7/a60ff9a54cbeb30ec44c89e16ac4c35913cbad5a/parboiled-core-1.1.7.jar
2016-04-05 21:40:18.389+0000 INFO  [o.n.k.i.DiagnosticsManager]:  [classpath + loader.0] file:/home/dorian/.gradle/caches/modules-2/files-2.1/org.neo4j/neo4j-cypher-dsl/2.0.1/519d317979935773646356ee2f7923090f7d53e8/neo4j-cypher-dsl-2.0.1.jar
2016-04-05 21:40:18.389+0000 INFO  [o.n.k.i.DiagnosticsManager]:  [classpath + loader.0] file:/home/dorian/git/contextmap/bin/
2016-04-05 21:40:18.389+0000 INFO  [o.n.k.i.DiagnosticsManager]:  [classpath + loader.0] file:/home/dorian/.gradle/caches/modules-2/files-2.1/org.slf4j/jcl-over-slf4j/1.7.16/34e48073884704ac987d3d1a1ab9b60e62028a9/jcl-over-slf4j-1.7.16.jar
2016-04-05 21:40:18.389+0000 INFO  [o.n.k.i.DiagnosticsManager]:  [classpath + loader.0] file:/home/dorian/.gradle/caches/modules-2/files-2.1/org.neo4j/neo4j-jmx/2.2.5/ec1f51d8029fe01ea2514aa41dfc1f118f3da93a/neo4j-jmx-2.2.5.jar
2016-04-05 21:40:18.389+0000 INFO  [o.n.k.i.DiagnosticsManager]:  [classpath + loader.0] file:/home/dorian/.gradle/caches/modules-2/files-2.1/org.yaml/snakeyaml/1.16/d64fb662c9e42789149f5078a62a22edda786c6a/snakeyaml-1.16.jar
2016-04-05 21:40:18.389+0000 INFO  [o.n.k.i.DiagnosticsManager]:  [loader.1] file:/opt/jdk1.8.0_31/jre/lib/ext/sunjce_provider.jar
2016-04-05 21:40:18.389+0000 INFO  [o.n.k.i.DiagnosticsManager]:  [classpath + loader.0] file:/home/dorian/.gradle/caches/modules-2/files-2.1/net.sf.opencsv/opencsv/2.3/c23708cdb9e80a144db433e23344a788a1fd6599/opencsv-2.3.jar
2016-04-05 21:40:18.389+0000 INFO  [o.n.k.i.DiagnosticsManager]:  [classpath + loader.0] file:/home/dorian/.gradle/caches/modules-2/files-2.1/org.neo4j/neo4j/2.2.5/1d7eced3e7e07b743379797711bb1076f91a8835/neo4j-2.2.5.jar
2016-04-05 21:40:18.389+0000 INFO  [o.n.k.i.DiagnosticsManager]:  [classpath + loader.0] file:/home/dorian/.gradle/caches/modules-2/files-2.1/org.springframework.data/spring-data-commons/1.11.4.RELEASE/c2b1fd4dbf7dff772d6124bb35892759e8bf088e/spring-data-commons-1.11.4.RELEASE.jar
2016-04-05 21:40:18.389+0000 INFO  [o.n.k.i.DiagnosticsManager]:  [classpath + loader.0] file:/home/dorian/.gradle/caches/modules-2/files-2.1/junit/junit/4.12/2973d150c0dc1fefe998f834810d68f278ea58ec/junit-4.12.jar
2016-04-05 21:40:18.389+0000 INFO  [o.n.k.i.DiagnosticsManager]:  [classpath + loader.0] file:/home/dorian/.gradle/caches/modules-2/files-2.1/org.hibernate/hibernate-validator/5.2.4.Final/fb18766b576aa6632bcfe9a20a023cbd52bf9769/hibernate-validator-5.2.4.Final.jar
2016-04-05 21:40:18.389+0000 INFO  [o.n.k.i.DiagnosticsManager]:  [classpath + loader.0] file:/home/dorian/.gradle/caches/modules-2/files-2.1/org.neo4j/neo4j-graph-matching/2.2.5/2845dc6e08b46ac538846f1d67c3890cf213c0c/neo4j-graph-matching-2.2.5.jar
2016-04-05 21:40:18.389+0000 INFO  [o.n.k.i.DiagnosticsManager]:  [classpath + loader.0] file:/home/dorian/.gradle/caches/modules-2/files-2.1/org.scala-lang/scala-reflect/2.10.5/7392facb48876c67a89fcb086112b195f5f6bbc3/scala-reflect-2.10.5.jar
2016-04-05 21:40:18.389+0000 INFO  [o.n.k.i.DiagnosticsManager]:  [classpath + loader.0] file:/home/dorian/.gradle/caches/modules-2/files-2.1/org.springframework.boot/spring-boot/1.3.3.RELEASE/641cc375499d444e4efbc1801902260daa79758d/spring-boot-1.3.3.RELEASE.jar
2016-04-05 21:40:18.389+0000 INFO  [o.n.k.i.DiagnosticsManager]:  [classpath + loader.0] file:/home/dorian/.gradle/caches/modules-2/files-2.1/org.springframework/spring-tx/4.2.5.RELEASE/7395321fe937272d9b781a13985e04ab2dcd6210/spring-tx-4.2.5.RELEASE.jar
2016-04-05 21:40:18.389+0000 INFO  [o.n.k.i.DiagnosticsManager]:  [classpath + loader.0] file:/home/dorian/.gradle/caches/modules-2/files-2.1/org.springframework/spring-aop/4.2.5.RELEASE/858d6c70909b3ce7e07b59fc936f8ccfcd81c0aa/spring-aop-4.2.5.RELEASE.jar
2016-04-05 21:40:18.389+0000 INFO  [o.n.k.i.DiagnosticsManager]:  [classpath + loader.0] file:/home/dorian/.gradle/caches/modules-2/files-2.1/org.neo4j/neo4j-primitive-collections/2.2.5/a37094d534c81e1ea73c1e3b275bcc823b7e2fa/neo4j-primitive-collections-2.2.5.jar
2016-04-05 21:40:18.389+0000 INFO  [o.n.k.i.DiagnosticsManager]:  [loader.1] file:/opt/jdk1.8.0_31/jre/lib/ext/dnsns.jar
2016-04-05 21:40:18.389+0000 INFO  [o.n.k.i.DiagnosticsManager]:  [classpath + loader.0] file:/home/dorian/.gradle/caches/modules-2/files-2.1/org.scala-lang/scala-library/2.10.5/57ac67a6cf6fd591e235c62f8893438e8d10431d/scala-library-2.10.5.jar
2016-04-05 21:40:18.389+0000 INFO  [o.n.k.i.DiagnosticsManager]:  [classpath + loader.0] file:/home/dorian/.gradle/caches/modules-2/files-2.1/org.springframework/spring-aspects/4.2.5.RELEASE/ed09517441a276db2a7e0e7b60a390c52b8093af/spring-aspects-4.2.5.RELEASE.jar
2016-04-05 21:40:18.389+0000 INFO  [o.n.k.i.DiagnosticsManager]:  [classpath + loader.0] file:/home/dorian/.gradle/caches/modules-2/files-2.1/org.springframework.boot/spring-boot-autoconfigure/1.3.3.RELEASE/e7a4a25f74dac6b335ffabc43e3e8a6e3066340e/spring-boot-autoconfigure-1.3.3.RELEASE.jar
2016-04-05 21:40:18.389+0000 INFO  [o.n.k.i.DiagnosticsManager]:  [classpath + loader.0] file:/home/dorian/.gradle/caches/modules-2/files-2.1/org.neo4j/neo4j-kernel/2.2.5/5e12600bf7cc1d069a994d6670d5c8052997e9bd/neo4j-kernel-2.2.5.jar
2016-04-05 21:40:18.390+0000 INFO  [o.n.k.i.DiagnosticsManager]:  [bootstrap] /opt/jdk1.8.0_31/jre/lib/jfr.jar
2016-04-05 21:40:18.390+0000 INFO  [o.n.k.i.DiagnosticsManager]:  [classpath + loader.0] file:/home/dorian/.gradle/caches/modules-2/files-2.1/ch.qos.logback/logback-classic/1.1.5/92353eb144695bba80b31f7bec4f36d871f230ac/logback-classic-1.1.5.jar
2016-04-05 21:40:18.390+0000 INFO  [o.n.k.i.DiagnosticsManager]:  [classpath + loader.0] file:/home/dorian/.gradle/caches/modules-2/files-2.1/org.neo4j/neo4j-udc/2.2.5/c8e618b7c5275b3d565678894055386fb6b68ed/neo4j-udc-2.2.5.jar
2016-04-05 21:40:18.390+0000 INFO  [o.n.k.i.DiagnosticsManager]:  [classpath + loader.0] file:/home/dorian/.gradle/caches/modules-2/files-2.1/org.neo4j/neo4j-cypher-compiler-2.0/2.0.4/13277d9b4ae208ca1145210488502a80bbf20376/neo4j-cypher-compiler-2.0-2.0.4.jar
2016-04-05 21:40:18.390+0000 INFO  [o.n.k.i.DiagnosticsManager]:  [classpath + loader.0] file:/home/dorian/.gradle/caches/modules-2/files-2.1/org.springframework/spring-expression/4.2.5.RELEASE/a42bdfb833d0be6c18429aea3fb0fba81f85c6e8/spring-expression-4.2.5.RELEASE.jar
2016-04-05 21:40:18.390+0000 INFO  [o.n.k.i.DiagnosticsManager]:  [classpath + loader.0] file:/home/dorian/.gradle/caches/modules-2/files-2.1/org.neo4j/neo4j-cypher-compiler-2.2/2.2.5/e64465cd63064481ef9636dd47bf35fc45bc730b/neo4j-cypher-compiler-2.2-2.2.5.jar
2016-04-05 21:40:18.390+0000 INFO  [o.n.k.i.DiagnosticsManager]:  [classpath + loader.0] file:/home/dorian/.gradle/caches/modules-2/files-2.1/org.apache.lucene/lucene-core/3.6.2/9ec77e2507f9cc01756964c71d91efd8154a8c47/lucene-core-3.6.2.jar
2016-04-05 21:40:18.390+0000 INFO  [o.n.k.i.DiagnosticsManager]:  [classpath + loader.0] file:/home/dorian/.gradle/caches/modules-2/files-2.1/commons-io/commons-io/2.4/b1b6ea3b7e4aa4f492509a4952029cd8e48019ad/commons-io-2.4.jar
2016-04-05 21:40:18.390+0000 INFO  [o.n.k.i.DiagnosticsManager]:  [bootstrap] /opt/jdk1.8.0_31/jre/lib/charsets.jar
2016-04-05 21:40:18.390+0000 INFO  [o.n.k.i.DiagnosticsManager]:  [classpath + loader.0] file:/home/dorian/.gradle/caches/modules-2/files-2.1/javax.transaction/javax.transaction-api/1.2/d81aff979d603edd90dcd8db2abc1f4ce6479e3e/javax.transaction-api-1.2.jar
2016-04-05 21:40:18.390+0000 INFO  [o.n.k.i.DiagnosticsManager]:  [classpath + loader.0] file:/home/dorian/.gradle/caches/modules-2/files-2.1/org.neo4j/neo4j-consistency-check/2.2.5/aa6467323e1bfef2f5653732727b5242e67cf279/neo4j-consistency-check-2.2.5.jar
2016-04-05 21:40:18.390+0000 INFO  [o.n.k.i.DiagnosticsManager]:  [classpath + loader.0] file:/home/dorian/.gradle/caches/modules-2/files-2.1/org.parboiled/parboiled-scala_2.10/1.1.7/c20d486f11cc115c0df2ebc2aefb2773f9f9fb11/parboiled-scala_2.10-1.1.7.jar
2016-04-05 21:40:18.390+0000 INFO  [o.n.k.i.DiagnosticsManager]:  [loader.1] file:/opt/jdk1.8.0_31/jre/lib/ext/localedata.jar
2016-04-05 21:40:18.390+0000 INFO  [o.n.k.i.DiagnosticsManager]:  [classpath + loader.0] file:/home/dorian/.gradle/caches/modules-2/files-2.1/org.springframework/spring-core/4.2.5.RELEASE/251207b29f0f38f61e3495a2f7fb053cf1bfe8c/spring-core-4.2.5.RELEASE.jar
2016-04-05 21:40:18.390+0000 INFO  [o.n.k.i.DiagnosticsManager]:  [bootstrap] /opt/jdk1.8.0_31/jre/lib/rt.jar
2016-04-05 21:40:18.390+0000 INFO  [o.n.k.i.DiagnosticsManager]:  [classpath + loader.0] file:/home/dorian/.gradle/caches/modules-2/files-2.1/org.neo4j/neo4j-lucene-index/2.2.5/6d93fcfc476f6b5d6c422f10fc21be8494b8a054/neo4j-lucene-index-2.2.5.jar
2016-04-05 21:40:18.390+0000 INFO  [o.n.k.i.DiagnosticsManager]:  [classpath + loader.0] file:/home/dorian/.gradle/caches/modules-2/files-2.1/javax.el/javax.el-api/2.2.4/1287562cc3f0ff5439ded6f2949e73ce1c0edaab/javax.el-api-2.2.4.jar
2016-04-05 21:40:18.390+0000 INFO  [o.n.k.i.DiagnosticsManager]:  [bootstrap] /opt/jdk1.8.0_31/jre/lib/sunrsasign.jar
2016-04-05 21:40:18.390+0000 INFO  [o.n.k.i.DiagnosticsManager]:  [bootstrap] /opt/jdk1.8.0_31/jre/lib/jsse.jar
2016-04-05 21:40:18.390+0000 INFO  [o.n.k.i.DiagnosticsManager]:  [classpath + loader.0] file:/home/dorian/.gradle/caches/modules-2/files-2.1/org.slf4j/slf4j-api/1.7.16/3a6274f658487d5bfff9af3862beff6da1e7fd52/slf4j-api-1.7.16.jar
2016-04-05 21:40:18.390+0000 INFO  [o.n.k.i.DiagnosticsManager]:  [loader.1] file:/opt/jdk1.8.0_31/jre/lib/ext/zipfs.jar
2016-04-05 21:40:18.390+0000 INFO  [o.n.k.i.DiagnosticsManager]:  [loader.1] file:/opt/jdk1.8.0_31/jre/lib/ext/jfxrt.jar
2016-04-05 21:40:18.390+0000 INFO  [o.n.k.i.DiagnosticsManager]:  [classpath + loader.0] file:/home/dorian/.gradle/caches/modules-2/files-2.1/ch.qos.logback/logback-core/1.1.5/16722afde74444716e299bee1f60aec9f6d1f0dc/logback-core-1.1.5.jar
2016-04-05 21:40:18.390+0000 INFO  [o.n.k.i.DiagnosticsManager]:  [classpath + loader.0] file:/home/dorian/.gradle/caches/modules-2/files-2.1/org.aspectj/aspectjrt/1.8.8/7c5b26f24375685e34a50c2d765ebc40a96a5280/aspectjrt-1.8.8.jar
2016-04-05 21:40:18.390+0000 INFO  [o.n.k.i.DiagnosticsManager]:  [loader.1] file:/opt/jdk1.8.0_31/jre/lib/ext/cldrdata.jar
2016-04-05 21:40:18.390+0000 INFO  [o.n.k.i.DiagnosticsManager]:  [classpath + loader.0] file:/home/dorian/.gradle/caches/modules-2/files-2.1/org.aspectj/aspectjweaver/1.8.8/969c8d3d3d56db1e1c8721a03ef07d0c9ac3a2e4/aspectjweaver-1.8.8.jar
2016-04-05 21:40:18.390+0000 INFO  [o.n.k.i.DiagnosticsManager]:  [classpath + loader.0] file:/home/dorian/.gradle/caches/modules-2/files-2.1/org.springframework/spring-context/4.2.5.RELEASE/a75e18322c7b362fe1daa26a245ae672ec0f3138/spring-context-4.2.5.RELEASE.jar
2016-04-05 21:40:18.390+0000 INFO  [o.n.k.i.DiagnosticsManager]:  [classpath + loader.0] file:/home/dorian/.gradle/caches/modules-2/files-2.1/org.springframework.boot/spring-boot-starter/1.3.3.RELEASE/e4a71ce6ae8e42a7535dd9f1a39f91d36c538f28/spring-boot-starter-1.3.3.RELEASE.jar
2016-04-05 21:40:18.390+0000 INFO  [o.n.k.i.DiagnosticsManager]:  [loader.1] file:/opt/jdk1.8.0_31/jre/lib/ext/sunec.jar
2016-04-05 21:40:18.390+0000 INFO  [o.n.k.i.DiagnosticsManager]:  [classpath + loader.0] file:/home/dorian/.gradle/caches/modules-2/files-2.1/org.neo4j/neo4j-unsafe/2.2.5/2114ee2894e3b6119860dcdd4e2ec1e192406daf/neo4j-unsafe-2.2.5.jar
2016-04-05 21:40:18.390+0000 INFO  [o.n.k.i.DiagnosticsManager]:  [classpath + loader.0] file:/home/dorian/.gradle/caches/modules-2/files-2.1/com.googlecode.concurrentlinkedhashmap/concurrentlinkedhashmap-lru/1.4/d4b42ed76a166a81dbac613339eed3343be6bd2d/concurrentlinkedhashmap-lru-1.4.jar
2016-04-05 21:40:18.390+0000 INFO  [o.n.k.i.DiagnosticsManager]:  [classpath + loader.0] file:/home/dorian/.gradle/caches/modules-2/files-2.1/org.neo4j/neo4j-cypher-compiler-1.9/2.0.4/93381595ffca5c8813eb65af32a910637dc0c408/neo4j-cypher-compiler-1.9-2.0.4.jar
2016-04-05 21:40:18.390+0000 INFO  [o.n.k.i.DiagnosticsManager]:  [classpath + loader.0] file:/home/dorian/.gradle/caches/modules-2/files-2.1/org.neo4j/neo4j-graph-algo/2.2.5/b2181bde4978ecb533ca09e62c46f2adb121d849/neo4j-graph-algo-2.2.5.jar
2016-04-05 21:40:18.391+0000 INFO  [o.n.k.i.DiagnosticsManager]:  [classpath + loader.0] file:/home/dorian/.gradle/caches/modules-2/files-2.1/org.hamcrest/hamcrest-core/1.3/42a25dc3219429f0e5d060061f71acb49bf010a0/hamcrest-core-1.3.jar
2016-04-05 21:40:18.391+0000 INFO  [o.n.k.i.DiagnosticsManager]:  [classpath + loader.0] file:/home/dorian/.gradle/caches/modules-2/files-2.1/commons-collections/commons-collections/3.2/f951934aa5ae5a88d7e6dfaa6d32307d834a88be/commons-collections-3.2.jar
2016-04-05 21:40:18.391+0000 INFO  [o.n.k.i.DiagnosticsManager]:  [bootstrap] /opt/jdk1.8.0_31/jre/lib/resources.jar
2016-04-05 21:40:18.391+0000 INFO  [o.n.k.i.DiagnosticsManager]:  [classpath + loader.0] file:/home/dorian/.gradle/caches/modules-2/files-2.1/aopalliance/aopalliance/1.0/235ba8b489512805ac13a8f9ea77a1ca5ebe3e8/aopalliance-1.0.jar
2016-04-05 21:40:18.391+0000 INFO  [o.n.k.i.DiagnosticsManager]:  [bootstrap] /opt/jdk1.8.0_31/jre/lib/jce.jar
2016-04-05 21:40:18.391+0000 INFO  [o.n.k.i.DiagnosticsManager]:  [classpath + loader.0] file:/home/dorian/.gradle/caches/modules-2/files-2.1/org.slf4j/log4j-over-slf4j/1.7.16/c5922f37c8a5e4377cfb543c549f10e73d72ede0/log4j-over-slf4j-1.7.16.jar
2016-04-05 21:40:18.391+0000 INFO  [o.n.k.i.DiagnosticsManager]: Library path:
2016-04-05 21:40:18.391+0000 INFO  [o.n.k.i.DiagnosticsManager]: /usr/java/packages/lib/amd64
2016-04-05 21:40:18.391+0000 INFO  [o.n.k.i.DiagnosticsManager]: /usr/lib64
2016-04-05 21:40:18.391+0000 INFO  [o.n.k.i.DiagnosticsManager]: /lib64
2016-04-05 21:40:18.391+0000 INFO  [o.n.k.i.DiagnosticsManager]: /lib
2016-04-05 21:40:18.391+0000 INFO  [o.n.k.i.DiagnosticsManager]: /usr/lib
2016-04-05 21:40:18.391+0000 INFO  [o.n.k.i.DiagnosticsManager]: System.properties:
2016-04-05 21:40:18.391+0000 INFO  [o.n.k.i.DiagnosticsManager]: com.sun.management.jmxremote.authenticate = false
2016-04-05 21:40:18.391+0000 INFO  [o.n.k.i.DiagnosticsManager]: sun.boot.library.path = /opt/jdk1.8.0_31/jre/lib/amd64
2016-04-05 21:40:18.391+0000 INFO  [o.n.k.i.DiagnosticsManager]: path.separator = :
2016-04-05 21:40:18.391+0000 INFO  [o.n.k.i.DiagnosticsManager]: file.encoding.pkg = sun.io
2016-04-05 21:40:18.391+0000 INFO  [o.n.k.i.DiagnosticsManager]: user.country = CH
2016-04-05 21:40:18.391+0000 INFO  [o.n.k.i.DiagnosticsManager]: sun.java.launcher = SUN_STANDARD
2016-04-05 21:40:18.391+0000 INFO  [o.n.k.i.DiagnosticsManager]: sun.os.patch.level = unknown
2016-04-05 21:40:18.391+0000 INFO  [o.n.k.i.DiagnosticsManager]: PID = 16352
2016-04-05 21:40:18.391+0000 INFO  [o.n.k.i.DiagnosticsManager]: com.sun.management.jmxremote.port = 34689
2016-04-05 21:40:18.391+0000 INFO  [o.n.k.i.DiagnosticsManager]: user.dir = /home/dorian/git/contextmap
2016-04-05 21:40:18.392+0000 INFO  [o.n.k.i.DiagnosticsManager]: org.jboss.logging.provider = slf4j
2016-04-05 21:40:18.392+0000 INFO  [o.n.k.i.DiagnosticsManager]: sun.jnu.encoding = UTF-8
2016-04-05 21:40:18.392+0000 INFO  [o.n.k.i.DiagnosticsManager]: spring.beaninfo.ignore = true
2016-04-05 21:40:18.392+0000 INFO  [o.n.k.i.DiagnosticsManager]: sun.management.compiler = HotSpot 64-Bit Tiered Compilers
2016-04-05 21:40:18.392+0000 INFO  [o.n.k.i.DiagnosticsManager]: spring.liveBeansView.mbeanDomain = 
2016-04-05 21:40:18.392+0000 INFO  [o.n.k.i.DiagnosticsManager]: user.home = /home/dorian
2016-04-05 21:40:18.392+0000 INFO  [o.n.k.i.DiagnosticsManager]: user.timezone = Europe/Zurich
2016-04-05 21:40:18.392+0000 INFO  [o.n.k.i.DiagnosticsManager]: file.encoding = UTF-8
2016-04-05 21:40:18.392+0000 INFO  [o.n.k.i.DiagnosticsManager]: user.name = dorian
2016-04-05 21:40:18.392+0000 INFO  [o.n.k.i.DiagnosticsManager]: com.sun.management.jmxremote = 
2016-04-05 21:40:18.392+0000 INFO  [o.n.k.i.DiagnosticsManager]: sun.java.command = ch.flask.contextmap.application.Application
2016-04-05 21:40:18.392+0000 INFO  [o.n.k.i.DiagnosticsManager]: sun.arch.data.model = 64
2016-04-05 21:40:18.392+0000 INFO  [o.n.k.i.DiagnosticsManager]: user.language = de
2016-04-05 21:40:18.392+0000 INFO  [o.n.k.i.DiagnosticsManager]: awt.toolkit = sun.awt.X11.XToolkit
2016-04-05 21:40:18.392+0000 INFO  [o.n.k.i.DiagnosticsManager]: com.sun.management.jmxremote.ssl = false
2016-04-05 21:40:18.392+0000 INFO  [o.n.k.i.DiagnosticsManager]: spring.application.admin.enabled = true
2016-04-05 21:40:18.392+0000 INFO  [o.n.k.i.DiagnosticsManager]: file.separator = /
2016-04-05 21:40:18.392+0000 INFO  [o.n.k.i.DiagnosticsManager]: sun.io.unicode.encoding = UnicodeLittle
2016-04-05 21:40:18.392+0000 INFO  [o.n.k.i.DiagnosticsManager]: sun.cpu.endian = little
2016-04-05 21:40:18.392+0000 INFO  [o.n.k.i.DiagnosticsManager]: sun.desktop = gnome
2016-04-05 21:40:18.392+0000 INFO  [o.n.k.i.DiagnosticsManager]: sun.cpu.isalist = 
2016-04-05 21:40:18.392+0000 INFO  [o.n.k.i.DiagnosticsManager]: Linux scheduler information:
2016-04-05 21:40:18.393+0000 INFO  [o.n.k.i.DiagnosticsManager]: noop [deadline] cfq 
2016-04-05 21:40:18.393+0000 INFO  [o.n.k.i.DiagnosticsManager]: noop [deadline] cfq 
2016-04-05 21:40:18.393+0000 INFO  [o.n.k.i.DiagnosticsManager]: noop [deadline] cfq 
2016-04-05 21:40:18.393+0000 INFO  [o.n.k.i.DiagnosticsManager]: noop [deadline] cfq 
2016-04-05 21:40:18.393+0000 INFO  [o.n.k.i.DiagnosticsManager]: noop [deadline] cfq 
2016-04-05 21:40:18.394+0000 INFO  [o.n.k.i.DiagnosticsManager]: noop [deadline] cfq 
2016-04-05 21:40:18.394+0000 INFO  [o.n.k.i.DiagnosticsManager]: noop [deadline] cfq 
2016-04-05 21:40:18.394+0000 INFO  [o.n.k.i.DiagnosticsManager]: noop [deadline] cfq 
2016-04-05 21:40:18.394+0000 INFO  [o.n.k.i.DiagnosticsManager]: none
2016-04-05 21:40:18.394+0000 INFO  [o.n.k.i.DiagnosticsManager]: none
2016-04-05 21:40:18.394+0000 INFO  [o.n.k.i.DiagnosticsManager]: none
2016-04-05 21:40:18.394+0000 INFO  [o.n.k.i.DiagnosticsManager]: none
2016-04-05 21:40:18.394+0000 INFO  [o.n.k.i.DiagnosticsManager]: none
2016-04-05 21:40:18.394+0000 INFO  [o.n.k.i.DiagnosticsManager]: none
2016-04-05 21:40:18.394+0000 INFO  [o.n.k.i.DiagnosticsManager]: none
2016-04-05 21:40:18.394+0000 INFO  [o.n.k.i.DiagnosticsManager]: none
2016-04-05 21:40:18.395+0000 INFO  [o.n.k.i.DiagnosticsManager]: none
2016-04-05 21:40:18.395+0000 INFO  [o.n.k.i.DiagnosticsManager]: none
2016-04-05 21:40:18.395+0000 INFO  [o.n.k.i.DiagnosticsManager]: none
2016-04-05 21:40:18.395+0000 INFO  [o.n.k.i.DiagnosticsManager]: none
2016-04-05 21:40:18.395+0000 INFO  [o.n.k.i.DiagnosticsManager]: none
2016-04-05 21:40:18.395+0000 INFO  [o.n.k.i.DiagnosticsManager]: none
2016-04-05 21:40:18.395+0000 INFO  [o.n.k.i.DiagnosticsManager]: none
2016-04-05 21:40:18.395+0000 INFO  [o.n.k.i.DiagnosticsManager]: none
2016-04-05 21:40:18.395+0000 INFO  [o.n.k.i.DiagnosticsManager]: none
2016-04-05 21:40:18.395+0000 INFO  [o.n.k.i.DiagnosticsManager]: none
2016-04-05 21:40:18.396+0000 INFO  [o.n.k.i.DiagnosticsManager]: none
2016-04-05 21:40:18.396+0000 INFO  [o.n.k.i.DiagnosticsManager]: none
2016-04-05 21:40:18.396+0000 INFO  [o.n.k.i.DiagnosticsManager]: none
2016-04-05 21:40:18.396+0000 INFO  [o.n.k.i.DiagnosticsManager]: none
2016-04-05 21:40:18.396+0000 INFO  [o.n.k.i.DiagnosticsManager]: none
2016-04-05 21:40:18.396+0000 INFO  [o.n.k.i.DiagnosticsManager]: none
2016-04-05 21:40:18.396+0000 INFO  [o.n.k.i.DiagnosticsManager]: Network information:
2016-04-05 21:40:18.396+0000 INFO  [o.n.k.i.DiagnosticsManager]: Interface docker0:
2016-04-05 21:40:18.397+0000 INFO  [o.n.k.i.DiagnosticsManager]:     address: 172.17.0.1
2016-04-05 21:40:18.397+0000 INFO  [o.n.k.i.DiagnosticsManager]: Interface eth0:
2016-04-05 21:40:18.397+0000 INFO  [o.n.k.i.DiagnosticsManager]:     address: fe80:0:0:0:da50:e6ff:fe3f:86a5%eth0
2016-04-05 21:40:18.397+0000 INFO  [o.n.k.i.DiagnosticsManager]:     address: 192.168.1.47
2016-04-05 21:40:18.397+0000 INFO  [o.n.k.i.DiagnosticsManager]: Interface lo:
2016-04-05 21:40:18.397+0000 INFO  [o.n.k.i.DiagnosticsManager]:     address: 0:0:0:0:0:0:0:1%lo
2016-04-05 21:40:18.397+0000 INFO  [o.n.k.i.DiagnosticsManager]:     address: 127.0.0.1
2016-04-05 21:40:18.397+0000 INFO  [o.n.k.i.DiagnosticsManager]: --- INITIALIZED diagnostics END ---
2016-04-05 21:40:18.764+0000 INFO  [o.n.k.NeoStoreDataSource]: Opened logical log [contextmap.db/neostore.transaction.db.1] version=1, lastTxId=2 (clean)
2016-04-05 21:40:18.771+0000 INFO  [o.n.k.KernelHealth]: Kernel health set to OK
2016-04-05 21:40:19.038+0000 INFO  [o.n.k.i.DiagnosticsManager]: --- STARTED diagnostics for KernelDiagnostics:Versions START ---
2016-04-05 21:40:19.038+0000 INFO  [o.n.k.i.DiagnosticsManager]: Graph Database: org.neo4j.kernel.EmbeddedGraphDatabase StoreId{creationTime=1459890939420, randomId=-2087843847767010266, storeVersion=14969031248344582, upgradeTime=1459890939420, upgradeId=1}
2016-04-05 21:40:19.038+0000 INFO  [o.n.k.i.DiagnosticsManager]: Kernel version: Neo4j - Graph Database Kernel (neo4j-kernel), version: 2.2.5
2016-04-05 21:40:19.038+0000 INFO  [o.n.k.i.DiagnosticsManager]: Neo4j component versions:
2016-04-05 21:40:19.040+0000 INFO  [o.n.k.i.DiagnosticsManager]:   Neo4j - Cypher Compiler 1.9 (neo4j-cypher-compiler-1.9), version: 2.0.4; revision: 2.0.4:2.0-maint:130/4a7d10bc274a5d26a180bbe9df25100e8a694748
2016-04-05 21:40:19.040+0000 INFO  [o.n.k.i.DiagnosticsManager]:   Neo4j - Consistency Checker (neo4j-consistency-check), version: 2.2.5; revision: 2.2.5:2.2:151/cf9c7fe724d193d2d54c55eb0c82cc9036fc05d6-dirty
2016-04-05 21:40:19.040+0000 INFO  [o.n.k.i.DiagnosticsManager]:   Neo4j - Cypher Compiler 2.2 (neo4j-cypher-compiler-2.2), version: 2.2.5; revision: 2.2.5:2.2:151/cf9c7fe724d193d2d54c55eb0c82cc9036fc05d6-dirty
2016-04-05 21:40:19.040+0000 INFO  [o.n.k.i.DiagnosticsManager]:   Neo4j - Graph Database Kernel (neo4j-kernel), version: 2.2.5; revision: 2.2.5:2.2:151/cf9c7fe724d193d2d54c55eb0c82cc9036fc05d6-dirty
2016-04-05 21:40:19.040+0000 INFO  [o.n.k.i.DiagnosticsManager]:   Neo4j - Cypher Compiler 2.1 (neo4j-cypher-compiler-2.1), version: 2.1.8; revision: 2.1.8:2.1-maint:687/5c83ce3a5ddf33259593f719153ce71a6fe89fc7
2016-04-05 21:40:19.040+0000 INFO  [o.n.k.i.DiagnosticsManager]:   Neo4j - Community (neo4j), version: 2.2.5; revision: 2.2.5:2.2:151/cf9c7fe724d193d2d54c55eb0c82cc9036fc05d6-dirty
2016-04-05 21:40:19.040+0000 INFO  [o.n.k.i.DiagnosticsManager]:   neo4j-udc, version: 2.2.5; revision: 2.2.5:2.2:151/cf9c7fe724d193d2d54c55eb0c82cc9036fc05d6-dirty
2016-04-05 21:40:19.040+0000 INFO  [o.n.k.i.DiagnosticsManager]:   Neo4j - Lucene Index (neo4j-lucene-index), version: 2.2.5; revision: 2.2.5:2.2:151/cf9c7fe724d193d2d54c55eb0c82cc9036fc05d6-dirty
2016-04-05 21:40:19.040+0000 INFO  [o.n.k.i.DiagnosticsManager]:   Neo4j - Cypher Compiler 2.0 (neo4j-cypher-compiler-2.0), version: 2.0.4; revision: 2.0.4:2.0-maint:130/4a7d10bc274a5d26a180bbe9df25100e8a694748
2016-04-05 21:40:19.040+0000 INFO  [o.n.k.i.DiagnosticsManager]:   Neo4j - Graph Matching (neo4j-graph-matching), version: 2.2.5; revision: 2.2.5:2.2:151/cf9c7fe724d193d2d54c55eb0c82cc9036fc05d6-dirty
2016-04-05 21:40:19.040+0000 INFO  [o.n.k.i.DiagnosticsManager]:   Neo4j - JMX support (neo4j-jmx), version: 2.2.5; revision: 2.2.5:2.2:151/cf9c7fe724d193d2d54c55eb0c82cc9036fc05d6-dirty
2016-04-05 21:40:19.040+0000 INFO  [o.n.k.i.DiagnosticsManager]:   Neo4j - Cypher (neo4j-cypher), version: 2.2.5; revision: 2.2.5:2.2:151/cf9c7fe724d193d2d54c55eb0c82cc9036fc05d6-dirty
2016-04-05 21:40:19.040+0000 INFO  [o.n.k.i.DiagnosticsManager]:   Neo4j - Graph Algorithms (neo4j-graph-algo), version: 2.2.5; revision: 2.2.5:2.2:151/cf9c7fe724d193d2d54c55eb0c82cc9036fc05d6-dirty
2016-04-05 21:40:19.040+0000 INFO  [o.n.k.i.DiagnosticsManager]: --- STARTED diagnostics for KernelDiagnostics:Versions END ---
2016-04-05 21:40:19.042+0000 INFO  [o.n.k.i.DiagnosticsManager]: --- STARTED diagnostics for NEO_STORE_VERSIONS START ---
2016-04-05 21:40:19.042+0000 INFO  [o.n.k.i.DiagnosticsManager]: Store versions:
2016-04-05 21:40:19.042+0000 INFO  [o.n.k.i.DiagnosticsManager]: Store versions:
2016-04-05 21:40:19.042+0000 INFO  [o.n.k.i.DiagnosticsManager]:   NeoStore v0.A.5
2016-04-05 21:40:19.042+0000 INFO  [o.n.k.i.DiagnosticsManager]:   SchemaStore v0.A.5
2016-04-05 21:40:19.042+0000 INFO  [o.n.k.i.DiagnosticsManager]:   NodeStore v0.A.5
2016-04-05 21:40:19.042+0000 INFO  [o.n.k.i.DiagnosticsManager]:   RelationshipStore v0.A.5
2016-04-05 21:40:19.042+0000 INFO  [o.n.k.i.DiagnosticsManager]:   RelationshipTypeStore v0.A.5
2016-04-05 21:40:19.042+0000 INFO  [o.n.k.i.DiagnosticsManager]:   LabelTokenStore v0.A.5
2016-04-05 21:40:19.042+0000 INFO  [o.n.k.i.DiagnosticsManager]:   PropertyStore v0.A.5
2016-04-05 21:40:19.042+0000 INFO  [o.n.k.i.DiagnosticsManager]:   PropertyIndexStore v0.A.5
2016-04-05 21:40:19.042+0000 INFO  [o.n.k.i.DiagnosticsManager]:   StringPropertyStore v0.A.5
2016-04-05 21:40:19.042+0000 INFO  [o.n.k.i.DiagnosticsManager]:   ArrayPropertyStore v0.A.5
2016-04-05 21:40:19.042+0000 INFO  [o.n.k.i.DiagnosticsManager]:   RelationshipGroupStore v0.A.5
2016-04-05 21:40:19.042+0000 INFO  [o.n.k.i.DiagnosticsManager]: --- STARTED diagnostics for NEO_STORE_VERSIONS END ---
2016-04-05 21:40:19.042+0000 INFO  [o.n.k.i.DiagnosticsManager]: --- STARTED diagnostics for NEO_STORE_ID_USAGE START ---
2016-04-05 21:40:19.042+0000 INFO  [o.n.k.i.DiagnosticsManager]: Id usage:
2016-04-05 21:40:19.042+0000 INFO  [o.n.k.i.DiagnosticsManager]: Id usage:
2016-04-05 21:40:19.042+0000 INFO  [o.n.k.i.DiagnosticsManager]:   SchemaStore: used=1 high=0
2016-04-05 21:40:19.043+0000 INFO  [o.n.k.i.DiagnosticsManager]:   NodeStore: used=0 high=-1
2016-04-05 21:40:19.043+0000 INFO  [o.n.k.i.DiagnosticsManager]:   RelationshipStore: used=0 high=-1
2016-04-05 21:40:19.043+0000 INFO  [o.n.k.i.DiagnosticsManager]:   RelationshipTypeStore: used=0 high=-1
2016-04-05 21:40:19.043+0000 INFO  [o.n.k.i.DiagnosticsManager]:   LabelTokenStore: used=0 high=-1
2016-04-05 21:40:19.043+0000 INFO  [o.n.k.i.DiagnosticsManager]:   PropertyStore: used=0 high=-1
2016-04-05 21:40:19.043+0000 INFO  [o.n.k.i.DiagnosticsManager]:   PropertyIndexStore: used=0 high=-1
2016-04-05 21:40:19.043+0000 INFO  [o.n.k.i.DiagnosticsManager]:   StringPropertyStore: used=1 high=0
2016-04-05 21:40:19.043+0000 INFO  [o.n.k.i.DiagnosticsManager]:   ArrayPropertyStore: used=1 high=0
2016-04-05 21:40:19.043+0000 INFO  [o.n.k.i.DiagnosticsManager]:   RelationshipGroupStore: used=1 high=0
2016-04-05 21:40:19.043+0000 INFO  [o.n.k.i.DiagnosticsManager]: --- STARTED diagnostics for NEO_STORE_ID_USAGE END ---
2016-04-05 21:40:19.043+0000 INFO  [o.n.k.i.DiagnosticsManager]: --- STARTED diagnostics for KernelDiagnostics:StoreFiles START ---
2016-04-05 21:40:19.044+0000 INFO  [o.n.k.i.DiagnosticsManager]: Disk space on partition (Total / Free / Free %): 61355331584 / 14148587520 / 23
Storage files: (filename : modification date - size)
2016-04-05 21:40:19.044+0000 INFO  [o.n.k.i.DiagnosticsManager]:   index:
2016-04-05 21:40:19.045+0000 INFO  [o.n.k.i.DiagnosticsManager]:   - Total: 2016-04-05T23:15:39+0200 - 0.00 B
2016-04-05 21:40:19.045+0000 INFO  [o.n.k.i.DiagnosticsManager]:   index.db: 2016-04-05T23:15:41+0200 - 119.00 B
2016-04-05 21:40:19.045+0000 INFO  [o.n.k.i.DiagnosticsManager]:   lock: 2016-04-05T23:40:18+0200 - 0.00 B
2016-04-05 21:40:19.045+0000 INFO  [o.n.k.i.DiagnosticsManager]:   messages.log: 2016-04-05T23:40:19+0200 - 77.03 kB
2016-04-05 21:40:19.045+0000 INFO  [o.n.k.i.DiagnosticsManager]:   neostore: 2016-04-05T23:40:18+0200 - 99.00 B
2016-04-05 21:40:19.045+0000 INFO  [o.n.k.i.DiagnosticsManager]:   neostore.counts.db.a: 2016-04-05T23:15:40+0200 - 114.00 B
2016-04-05 21:40:19.045+0000 INFO  [o.n.k.i.DiagnosticsManager]:   neostore.counts.db.b: 2016-04-05T23:15:41+0200 - 114.00 B
2016-04-05 21:40:19.046+0000 INFO  [o.n.k.i.DiagnosticsManager]:   neostore.id: 2016-04-05T23:40:18+0200 - 9.00 B
2016-04-05 21:40:19.046+0000 INFO  [o.n.k.i.DiagnosticsManager]:   neostore.labeltokenstore.db: 2016-04-05T23:40:18+0200 - 0.00 B
2016-04-05 21:40:19.046+0000 INFO  [o.n.k.i.DiagnosticsManager]:   neostore.labeltokenstore.db.id: 2016-04-05T23:40:18+0200 - 9.00 B
2016-04-05 21:40:19.046+0000 INFO  [o.n.k.i.DiagnosticsManager]:   neostore.labeltokenstore.db.names: 2016-04-05T23:40:18+0200 - 38.00 B
2016-04-05 21:40:19.046+0000 INFO  [o.n.k.i.DiagnosticsManager]:   neostore.labeltokenstore.db.names.id: 2016-04-05T23:40:18+0200 - 9.00 B
2016-04-05 21:40:19.046+0000 INFO  [o.n.k.i.DiagnosticsManager]:   neostore.nodestore.db: 2016-04-05T23:40:18+0200 - 0.00 B
2016-04-05 21:40:19.046+0000 INFO  [o.n.k.i.DiagnosticsManager]:   neostore.nodestore.db.id: 2016-04-05T23:40:18+0200 - 9.00 B
2016-04-05 21:40:19.046+0000 INFO  [o.n.k.i.DiagnosticsManager]:   neostore.nodestore.db.labels: 2016-04-05T23:40:18+0200 - 68.00 B
2016-04-05 21:40:19.046+0000 INFO  [o.n.k.i.DiagnosticsManager]:   neostore.nodestore.db.labels.id: 2016-04-05T23:40:18+0200 - 9.00 B
2016-04-05 21:40:19.047+0000 INFO  [o.n.k.i.DiagnosticsManager]:   neostore.propertystore.db: 2016-04-05T23:40:18+0200 - 0.00 B
2016-04-05 21:40:19.047+0000 INFO  [o.n.k.i.DiagnosticsManager]:   neostore.propertystore.db.arrays: 2016-04-05T23:40:18+0200 - 128.00 B
2016-04-05 21:40:19.047+0000 INFO  [o.n.k.i.DiagnosticsManager]:   neostore.propertystore.db.arrays.id: 2016-04-05T23:40:18+0200 - 9.00 B
2016-04-05 21:40:19.047+0000 INFO  [o.n.k.i.DiagnosticsManager]:   neostore.propertystore.db.id: 2016-04-05T23:40:18+0200 - 9.00 B
2016-04-05 21:40:19.047+0000 INFO  [o.n.k.i.DiagnosticsManager]:   neostore.propertystore.db.index: 2016-04-05T23:40:18+0200 - 0.00 B
2016-04-05 21:40:19.047+0000 INFO  [o.n.k.i.DiagnosticsManager]:   neostore.propertystore.db.index.id: 2016-04-05T23:40:18+0200 - 9.00 B
2016-04-05 21:40:19.047+0000 INFO  [o.n.k.i.DiagnosticsManager]:   neostore.propertystore.db.index.keys: 2016-04-05T23:40:18+0200 - 38.00 B
2016-04-05 21:40:19.047+0000 INFO  [o.n.k.i.DiagnosticsManager]:   neostore.propertystore.db.index.keys.id: 2016-04-05T23:40:18+0200 - 9.00 B
2016-04-05 21:40:19.047+0000 INFO  [o.n.k.i.DiagnosticsManager]:   neostore.propertystore.db.strings: 2016-04-05T23:40:18+0200 - 128.00 B
2016-04-05 21:40:19.048+0000 INFO  [o.n.k.i.DiagnosticsManager]:   neostore.propertystore.db.strings.id: 2016-04-05T23:40:18+0200 - 9.00 B
2016-04-05 21:40:19.048+0000 INFO  [o.n.k.i.DiagnosticsManager]:   neostore.relationshipgroupstore.db: 2016-04-05T23:40:18+0200 - 25.00 B
2016-04-05 21:40:19.048+0000 INFO  [o.n.k.i.DiagnosticsManager]:   neostore.relationshipgroupstore.db.id: 2016-04-05T23:40:18+0200 - 9.00 B
2016-04-05 21:40:19.048+0000 INFO  [o.n.k.i.DiagnosticsManager]:   neostore.relationshipstore.db: 2016-04-05T23:40:18+0200 - 0.00 B
2016-04-05 21:40:19.048+0000 INFO  [o.n.k.i.DiagnosticsManager]:   neostore.relationshipstore.db.id: 2016-04-05T23:40:18+0200 - 9.00 B
2016-04-05 21:40:19.048+0000 INFO  [o.n.k.i.DiagnosticsManager]:   neostore.relationshiptypestore.db: 2016-04-05T23:40:18+0200 - 0.00 B
2016-04-05 21:40:19.048+0000 INFO  [o.n.k.i.DiagnosticsManager]:   neostore.relationshiptypestore.db.id: 2016-04-05T23:40:18+0200 - 9.00 B
2016-04-05 21:40:19.048+0000 INFO  [o.n.k.i.DiagnosticsManager]:   neostore.relationshiptypestore.db.names: 2016-04-05T23:40:18+0200 - 38.00 B
2016-04-05 21:40:19.048+0000 INFO  [o.n.k.i.DiagnosticsManager]:   neostore.relationshiptypestore.db.names.id: 2016-04-05T23:40:18+0200 - 9.00 B
2016-04-05 21:40:19.049+0000 INFO  [o.n.k.i.DiagnosticsManager]:   neostore.schemastore.db: 2016-04-05T23:40:18+0200 - 64.00 B
2016-04-05 21:40:19.049+0000 INFO  [o.n.k.i.DiagnosticsManager]:   neostore.schemastore.db.id: 2016-04-05T23:40:18+0200 - 9.00 B
2016-04-05 21:40:19.049+0000 INFO  [o.n.k.i.DiagnosticsManager]:   neostore.transaction.db.0: 2016-04-05T23:15:41+0200 - 142.00 B
2016-04-05 21:40:19.049+0000 INFO  [o.n.k.i.DiagnosticsManager]:   neostore.transaction.db.1: 2016-04-05T23:40:18+0200 - 16.00 B
2016-04-05 21:40:19.049+0000 INFO  [o.n.k.i.DiagnosticsManager]:   schema:
2016-04-05 21:40:19.049+0000 INFO  [o.n.k.i.DiagnosticsManager]:     label:
2016-04-05 21:40:19.049+0000 INFO  [o.n.k.i.DiagnosticsManager]:       lucene:
2016-04-05 21:40:19.049+0000 INFO  [o.n.k.i.DiagnosticsManager]:         segments.gen: 2016-04-05T23:15:41+0200 - 20.00 B
2016-04-05 21:40:19.049+0000 INFO  [o.n.k.i.DiagnosticsManager]:         segments_1: 2016-04-05T23:15:41+0200 - 32.00 B
2016-04-05 21:40:19.049+0000 INFO  [o.n.k.i.DiagnosticsManager]:         write.lock: 2016-04-05T23:40:18+0200 - 0.00 B
2016-04-05 21:40:19.050+0000 INFO  [o.n.k.i.DiagnosticsManager]:       - Total: 2016-04-05T23:40:18+0200 - 52.00 B
2016-04-05 21:40:19.050+0000 INFO  [o.n.k.i.DiagnosticsManager]:     - Total: 2016-04-05T23:15:39+0200 - 52.00 B
2016-04-05 21:40:19.050+0000 INFO  [o.n.k.i.DiagnosticsManager]:   - Total: 2016-04-05T23:15:39+0200 - 52.00 B
2016-04-05 21:40:19.050+0000 INFO  [o.n.k.i.DiagnosticsManager]:   store_lock: 2016-04-05T23:15:39+0200 - 0.00 B
2016-04-05 21:40:19.050+0000 INFO  [o.n.k.i.DiagnosticsManager]: --- STARTED diagnostics for KernelDiagnostics:StoreFiles END ---
2016-04-05 21:40:19.078+0000 INFO  [o.n.k.EmbeddedGraphDatabase]: Database is now ready
2016-04-05 21:40:20.455+0000 INFO  [o.n.k.EmbeddedGraphDatabase]: Shutdown started
2016-04-05 21:40:20.456+0000 INFO  [o.n.k.EmbeddedGraphDatabase]: Database is now unavailable
2016-04-05 21:40:20.618+0000 INFO  [o.n.k.NeoStoreDataSource]: NeoStore closed
2016-04-05 21:40:20.619+0000 INFO  [o.n.k.i.DiagnosticsManager]: --- STOPPING diagnostics START ---
2016-04-05 21:40:20.619+0000 INFO  [o.n.k.i.DiagnosticsManager]: --- STOPPING diagnostics END ---
